2022-11-27 13:33:09,147 [nREPL-session-b7bca013-a53a-4dde-8ea6-5bb17844faf9] INFO  guestbook.env - 
-=[guestbook started successfully using the development profile]=- 
2022-11-27 13:33:09,369 [nREPL-session-b7bca013-a53a-4dde-8ea6-5bb17844faf9] INFO  luminus.http-server - starting HTTP server on port 3000 
2022-11-27 13:33:12,592 [nREPL-session-b7bca013-a53a-4dde-8ea6-5bb17844faf9] INFO  migratus.core - Starting migrations 
2022-11-27 13:33:12,613 [nREPL-session-b7bca013-a53a-4dde-8ea6-5bb17844faf9] DEBUG migratus.migrations - Looking for migrations in #object[java.io.File 0x55476c84 /home/wa34gt/clj/guestbook-luminus/resources/migrations] 
2022-11-27 13:33:12,615 [nREPL-session-b7bca013-a53a-4dde-8ea6-5bb17844faf9] INFO  migratus.core - Ending migrations 
2022-11-27 13:34:17,980 [nREPL-session-b7bca013-a53a-4dde-8ea6-5bb17844faf9] INFO  luminus.http-server - HTTP server stopped 
2022-11-27 13:34:17,980 [nREPL-session-b7bca013-a53a-4dde-8ea6-5bb17844faf9] INFO  guestbook.env - 
-=[guestbook has shut down successfully]=- 
2022-11-27 13:35:16,122 [nREPL-session-b7bca013-a53a-4dde-8ea6-5bb17844faf9] ERROR com.zaxxer.hikari.pool.HikariPool - HikariPool-2 - Exception during pool initialization. 
org.h2.jdbc.JdbcSQLNonTransientConnectionException: Database may be already in use: "/home/wa34gt/clj/guestbook-luminus/guestbook_dev.db.mv.db". Possible solutions: close all other connection(s); use the server mode [90020-214]
	at org.h2.message.DbException.getJdbcSQLException(DbException.java:678)
	at org.h2.message.DbException.getJdbcSQLException(DbException.java:477)
	at org.h2.message.DbException.get(DbException.java:212)
	at org.h2.mvstore.db.Store.convertMVStoreException(Store.java:168)
	at org.h2.mvstore.db.Store.<init>(Store.java:145)
	at org.h2.engine.Database.<init>(Database.java:324)
	at org.h2.engine.Engine.openSession(Engine.java:92)
	at org.h2.engine.Engine.openSession(Engine.java:222)
	at org.h2.engine.Engine.createSession(Engine.java:201)
	at org.h2.engine.SessionRemote.connectEmbeddedOrServer(SessionRemote.java:338)
	at org.h2.jdbc.JdbcConnection.<init>(JdbcConnection.java:122)
	at org.h2.Driver.connect(Driver.java:59)
	at com.zaxxer.hikari.util.DriverDataSource.getConnection(DriverDataSource.java:121)
	at com.zaxxer.hikari.pool.PoolBase.newConnection(PoolBase.java:364)
	at com.zaxxer.hikari.pool.PoolBase.newPoolEntry(PoolBase.java:206)
	at com.zaxxer.hikari.pool.HikariPool.createPoolEntry(HikariPool.java:476)
	at com.zaxxer.hikari.pool.HikariPool.checkFailFast(HikariPool.java:561)
	at com.zaxxer.hikari.pool.HikariPool.<init>(HikariPool.java:115)
	at com.zaxxer.hikari.HikariDataSource.<init>(HikariDataSource.java:81)
	at hikari_cp.core$make_datasource.invokeStatic(core.clj:268)
	at hikari_cp.core$make_datasource.invoke(core.clj:265)
	at conman.core$connect_BANG_.invokeStatic(core.clj:159)
	at conman.core$connect_BANG_.invoke(core.clj:155)
	at guestbook.db.core$eval13892$fn__13893.invoke(core.clj:11)
	at mount.core$record_BANG_.invokeStatic(core.cljc:74)
	at mount.core$record_BANG_.invoke(core.cljc:73)
	at mount.core$up$fn__457.invoke(core.cljc:81)
	at mount.core$up.invokeStatic(core.cljc:80)
	at mount.core$up.invoke(core.cljc:78)
	at mount.core$bring.invokeStatic(core.cljc:247)
	at mount.core$bring.invoke(core.cljc:239)
	at mount.core$start.invokeStatic(core.cljc:289)
	at mount.core$start.doInvoke(core.cljc:281)
	at clojure.lang.RestFn.applyTo(RestFn.java:137)
	at clojure.core$apply.invokeStatic(core.clj:667)
	at clojure.core$apply.invoke(core.clj:662)
	at mount.core$start_without.invokeStatic(core.cljc:409)
	at mount.core$start_without.doInvoke(core.cljc:403)
	at clojure.lang.RestFn.invoke(RestFn.java:408)
	at user$start.invokeStatic(user.clj:22)
	at user$start.invoke(user.clj:18)
	at user$eval23718.invokeStatic(form-init13374865627664896062.clj:1)
	at user$eval23718.invoke(form-init13374865627664896062.clj:1)
	at clojure.lang.Compiler.eval(Compiler.java:7194)
	at clojure.lang.Compiler.eval(Compiler.java:7149)
	at clojure.core$eval.invokeStatic(core.clj:3215)
	at clojure.core$eval.invoke(core.clj:3211)
	at nrepl.middleware.interruptible_eval$evaluate$fn__17110$fn__17111.invoke(interruptible_eval.clj:87)
	at clojure.lang.AFn.applyToHelper(AFn.java:152)
	at clojure.lang.AFn.applyTo(AFn.java:144)
	at clojure.core$apply.invokeStatic(core.clj:667)
	at clojure.core$with_bindings_STAR_.invokeStatic(core.clj:1990)
	at clojure.core$with_bindings_STAR_.doInvoke(core.clj:1990)
	at clojure.lang.RestFn.invoke(RestFn.java:425)
	at nrepl.middleware.interruptible_eval$evaluate$fn__17110.invoke(interruptible_eval.clj:87)
	at clojure.main$repl$read_eval_print__9206$fn__9209.invoke(main.clj:437)
	at clojure.main$repl$read_eval_print__9206.invoke(main.clj:437)
	at clojure.main$repl$fn__9215.invoke(main.clj:458)
	at clojure.main$repl.invokeStatic(main.clj:458)
	at clojure.main$repl.doInvoke(main.clj:368)
	at clojure.lang.RestFn.invoke(RestFn.java:1523)
	at nrepl.middleware.interruptible_eval$evaluate.invokeStatic(interruptible_eval.clj:84)
	at nrepl.middleware.interruptible_eval$evaluate.invoke(interruptible_eval.clj:56)
	at nrepl.middleware.interruptible_eval$interruptible_eval$fn__17143$fn__17147.invoke(interruptible_eval.clj:152)
	at clojure.lang.AFn.run(AFn.java:22)
	at nrepl.middleware.session$session_exec$main_loop__17213$fn__17217.invoke(session.clj:218)
	at nrepl.middleware.session$session_exec$main_loop__17213.invoke(session.clj:217)
	at clojure.lang.AFn.run(AFn.java:22)
	at java.base/java.lang.Thread.run(Thread.java:833)
Caused by: org.h2.mvstore.MVStoreException: The file is locked: /home/wa34gt/clj/guestbook-luminus/guestbook_dev.db.mv.db [2.1.214/7]
	at org.h2.mvstore.DataUtils.newMVStoreException(DataUtils.java:1004)
	at org.h2.mvstore.FileStore.open(FileStore.java:178)
	at org.h2.mvstore.FileStore.open(FileStore.java:128)
	at org.h2.mvstore.MVStore.<init>(MVStore.java:452)
	at org.h2.mvstore.MVStore$Builder.open(MVStore.java:4082)
	at org.h2.mvstore.db.Store.<init>(Store.java:136)
	... 64 common frames omitted
2022-11-27 13:35:44,580 [nREPL-session-b7bca013-a53a-4dde-8ea6-5bb17844faf9] INFO  guestbook.env - 
-=[guestbook started successfully using the development profile]=- 
2022-11-27 13:35:44,692 [nREPL-session-b7bca013-a53a-4dde-8ea6-5bb17844faf9] INFO  luminus.http-server - starting HTTP server on port 3000 
2022-11-27 13:42:25,145 [nREPL-session-b7bca013-a53a-4dde-8ea6-5bb17844faf9] INFO  luminus.http-server - HTTP server stopped 
2022-11-27 13:42:25,145 [nREPL-session-b7bca013-a53a-4dde-8ea6-5bb17844faf9] INFO  guestbook.env - 
-=[guestbook has shut down successfully]=- 
2022-11-27 13:42:25,178 [nREPL-session-b7bca013-a53a-4dde-8ea6-5bb17844faf9] INFO  guestbook.env - 
-=[guestbook started successfully using the development profile]=- 
2022-11-27 13:42:25,258 [nREPL-session-b7bca013-a53a-4dde-8ea6-5bb17844faf9] INFO  luminus.http-server - starting HTTP server on port 3000 
2022-11-27 13:43:14,703 [nREPL-session-b7bca013-a53a-4dde-8ea6-5bb17844faf9] INFO  luminus.http-server - HTTP server stopped 
2022-11-27 13:43:14,704 [nREPL-session-b7bca013-a53a-4dde-8ea6-5bb17844faf9] INFO  guestbook.env - 
-=[guestbook has shut down successfully]=- 
2022-11-27 13:43:14,737 [nREPL-session-b7bca013-a53a-4dde-8ea6-5bb17844faf9] INFO  guestbook.env - 
-=[guestbook started successfully using the development profile]=- 
2022-11-27 13:43:14,800 [nREPL-session-b7bca013-a53a-4dde-8ea6-5bb17844faf9] INFO  luminus.http-server - starting HTTP server on port 3000 
2022-11-27 13:45:50,051 [nREPL-session-af7994a4-d50f-4359-bcea-ee0ed4f08d5e] INFO  guestbook.env - 
-=[guestbook started successfully using the development profile]=- 
2022-11-27 13:45:50,274 [nREPL-session-af7994a4-d50f-4359-bcea-ee0ed4f08d5e] INFO  luminus.http-server - starting HTTP server on port 3000 
2022-11-27 13:50:54,928 [nREPL-session-af7994a4-d50f-4359-bcea-ee0ed4f08d5e] INFO  luminus.http-server - HTTP server stopped 
2022-11-27 13:50:54,929 [nREPL-session-af7994a4-d50f-4359-bcea-ee0ed4f08d5e] INFO  guestbook.env - 
-=[guestbook has shut down successfully]=- 
2022-11-27 13:50:54,972 [nREPL-session-af7994a4-d50f-4359-bcea-ee0ed4f08d5e] INFO  guestbook.env - 
-=[guestbook started successfully using the development profile]=- 
2022-11-27 13:50:55,063 [nREPL-session-af7994a4-d50f-4359-bcea-ee0ed4f08d5e] INFO  luminus.http-server - starting HTTP server on port 3000 
2022-11-27 13:52:36,817 [nREPL-session-af7994a4-d50f-4359-bcea-ee0ed4f08d5e] INFO  luminus.http-server - HTTP server stopped 
2022-11-27 13:52:36,817 [nREPL-session-af7994a4-d50f-4359-bcea-ee0ed4f08d5e] INFO  guestbook.env - 
-=[guestbook has shut down successfully]=- 
2022-11-27 13:52:36,848 [nREPL-session-af7994a4-d50f-4359-bcea-ee0ed4f08d5e] INFO  guestbook.env - 
-=[guestbook started successfully using the development profile]=- 
2022-11-27 13:52:36,929 [nREPL-session-af7994a4-d50f-4359-bcea-ee0ed4f08d5e] INFO  luminus.http-server - starting HTTP server on port 3000 
2022-11-27 15:02:45,112 [nREPL-session-b45c5e28-f7e6-4ede-9a2b-bcf5a1b82d10] INFO  guestbook.env - 
-=[guestbook started successfully using the development profile]=- 
2022-11-27 15:02:45,343 [nREPL-session-b45c5e28-f7e6-4ede-9a2b-bcf5a1b82d10] INFO  luminus.http-server - starting HTTP server on port 3000 
2022-11-27 15:21:44,172 [nREPL-session-00cf5d59-9ef3-42cf-8e9c-d5034d1d3930] INFO  guestbook.env - 
-=[guestbook started successfully using the development profile]=- 
2022-11-27 15:21:44,393 [nREPL-session-00cf5d59-9ef3-42cf-8e9c-d5034d1d3930] INFO  luminus.http-server - starting HTTP server on port 3000 
2022-11-27 15:21:48,997 [nREPL-session-00cf5d59-9ef3-42cf-8e9c-d5034d1d3930] INFO  migratus.core - Starting migrations 
2022-11-27 15:21:49,004 [nREPL-session-00cf5d59-9ef3-42cf-8e9c-d5034d1d3930] INFO  migratus.database - creating migration table 'schema_migrations' 
2022-11-27 15:21:49,021 [nREPL-session-00cf5d59-9ef3-42cf-8e9c-d5034d1d3930] DEBUG migratus.migrations - Looking for migrations in #object[java.io.File 0x1e9c0b81 /home/wa34gt/clj/guestbook-luminus/resources/migrations] 
2022-11-27 15:21:49,023 [nREPL-session-00cf5d59-9ef3-42cf-8e9c-d5034d1d3930] INFO  migratus.core - Running up for [20221126145346 20221126153652] 
2022-11-27 15:21:49,023 [nREPL-session-00cf5d59-9ef3-42cf-8e9c-d5034d1d3930] INFO  migratus.core - Up 20221126145346-guestbook 
2022-11-27 15:21:49,024 [nREPL-session-00cf5d59-9ef3-42cf-8e9c-d5034d1d3930] INFO  migratus.database - Connection is  {:connection #object[org.h2.jdbc.JdbcConnection 0x79ada7e6 conn10: url=jdbc:h2:./guestbook_dev.db user=]} Config is {:store :database, :db {:connection-uri uri-censored}} 
2022-11-27 15:21:49,031 [nREPL-session-00cf5d59-9ef3-42cf-8e9c-d5034d1d3930] DEBUG migratus.migration.sql - found 1 up migrations 
2022-11-27 15:21:49,034 [nREPL-session-00cf5d59-9ef3-42cf-8e9c-d5034d1d3930] DEBUG migratus.database - marking 20221126145346 complete 
2022-11-27 15:21:49,037 [nREPL-session-00cf5d59-9ef3-42cf-8e9c-d5034d1d3930] INFO  migratus.core - Up 20221126153652-add-users-table 
2022-11-27 15:21:49,037 [nREPL-session-00cf5d59-9ef3-42cf-8e9c-d5034d1d3930] INFO  migratus.database - Connection is  {:connection #object[org.h2.jdbc.JdbcConnection 0x79ada7e6 conn10: url=jdbc:h2:./guestbook_dev.db user=]} Config is {:store :database, :db {:connection-uri uri-censored}} 
2022-11-27 15:21:49,038 [nREPL-session-00cf5d59-9ef3-42cf-8e9c-d5034d1d3930] DEBUG migratus.migration.sql - found 1 up migrations 
2022-11-27 15:21:49,039 [nREPL-session-00cf5d59-9ef3-42cf-8e9c-d5034d1d3930] DEBUG migratus.database - marking 20221126153652 complete 
2022-11-27 15:21:49,040 [nREPL-session-00cf5d59-9ef3-42cf-8e9c-d5034d1d3930] INFO  migratus.core - Ending migrations 
2022-11-27 15:24:47,273 [nREPL-session-00cf5d59-9ef3-42cf-8e9c-d5034d1d3930] INFO  luminus.http-server - HTTP server stopped 
2022-11-27 15:24:47,273 [nREPL-session-00cf5d59-9ef3-42cf-8e9c-d5034d1d3930] INFO  guestbook.env - 
-=[guestbook has shut down successfully]=- 
2022-11-27 15:24:47,299 [nREPL-session-00cf5d59-9ef3-42cf-8e9c-d5034d1d3930] INFO  guestbook.env - 
-=[guestbook started successfully using the development profile]=- 
2022-11-27 15:24:47,387 [nREPL-session-00cf5d59-9ef3-42cf-8e9c-d5034d1d3930] INFO  luminus.http-server - starting HTTP server on port 3000 
2022-11-27 15:25:55,232 [nREPL-session-90dc65d8-273c-4416-8877-e2da75905eab] INFO  guestbook.env - 
-=[guestbook started successfully using the development profile]=- 
2022-11-27 15:25:55,476 [nREPL-session-90dc65d8-273c-4416-8877-e2da75905eab] INFO  luminus.http-server - starting HTTP server on port 3000 
2022-11-27 15:27:06,622 [nREPL-session-90dc65d8-273c-4416-8877-e2da75905eab] INFO  luminus.http-server - HTTP server stopped 
2022-11-27 15:27:06,623 [nREPL-session-90dc65d8-273c-4416-8877-e2da75905eab] INFO  guestbook.env - 
-=[guestbook has shut down successfully]=- 
2022-11-27 15:27:06,658 [nREPL-session-90dc65d8-273c-4416-8877-e2da75905eab] INFO  guestbook.env - 
-=[guestbook started successfully using the development profile]=- 
2022-11-27 15:27:06,740 [nREPL-session-90dc65d8-273c-4416-8877-e2da75905eab] INFO  luminus.http-server - starting HTTP server on port 3000 
2022-11-27 15:27:38,987 [nREPL-session-b9d7f250-374c-4a0c-94f1-f33dce95980b] INFO  guestbook.env - 
-=[guestbook started successfully using the development profile]=- 
2022-11-27 15:27:39,202 [nREPL-session-b9d7f250-374c-4a0c-94f1-f33dce95980b] INFO  luminus.http-server - starting HTTP server on port 3000 
2022-11-27 15:30:25,415 [nREPL-session-b9d7f250-374c-4a0c-94f1-f33dce95980b] INFO  luminus.http-server - HTTP server stopped 
2022-11-27 15:30:25,415 [nREPL-session-b9d7f250-374c-4a0c-94f1-f33dce95980b] INFO  guestbook.env - 
-=[guestbook has shut down successfully]=- 
2022-11-27 15:30:25,458 [nREPL-session-b9d7f250-374c-4a0c-94f1-f33dce95980b] INFO  guestbook.env - 
-=[guestbook started successfully using the development profile]=- 
2022-11-27 15:30:25,562 [nREPL-session-b9d7f250-374c-4a0c-94f1-f33dce95980b] INFO  luminus.http-server - starting HTTP server on port 3000 
2022-11-27 15:32:34,312 [nREPL-session-25377168-e15b-4e6b-9512-41088f2197c3] INFO  guestbook.env - 
-=[guestbook started successfully using the development profile]=- 
2022-11-27 15:32:34,572 [nREPL-session-25377168-e15b-4e6b-9512-41088f2197c3] INFO  luminus.http-server - starting HTTP server on port 3000 
2022-11-27 15:34:46,489 [nREPL-session-25377168-e15b-4e6b-9512-41088f2197c3] INFO  luminus.http-server - HTTP server stopped 
2022-11-27 15:34:46,490 [nREPL-session-25377168-e15b-4e6b-9512-41088f2197c3] INFO  guestbook.env - 
-=[guestbook has shut down successfully]=- 
2022-11-27 15:34:46,526 [nREPL-session-25377168-e15b-4e6b-9512-41088f2197c3] INFO  guestbook.env - 
-=[guestbook started successfully using the development profile]=- 
2022-11-27 15:34:46,622 [nREPL-session-25377168-e15b-4e6b-9512-41088f2197c3] INFO  luminus.http-server - starting HTTP server on port 3000 
2022-11-27 15:40:40,872 [nREPL-session-12144a2b-bd44-44dd-8466-ae4cedda533e] INFO  guestbook.env - 
-=[guestbook started successfully using the development profile]=- 
2022-11-27 15:40:41,104 [nREPL-session-12144a2b-bd44-44dd-8466-ae4cedda533e] INFO  luminus.http-server - starting HTTP server on port 3000 
2022-11-27 15:45:27,642 [nREPL-session-bfa01e4a-dcb3-43e3-8e96-17c0e3ef2f1b] INFO  guestbook.env - 
-=[guestbook started successfully using the development profile]=- 
2022-11-27 15:45:27,858 [nREPL-session-bfa01e4a-dcb3-43e3-8e96-17c0e3ef2f1b] INFO  luminus.http-server - starting HTTP server on port 3000 
2022-11-27 15:55:07,190 [main] ERROR guestbook.core - Database configuration not found, :database-url environment variable must be set before running 
2022-11-27 15:57:29,920 [main] INFO  guestbook.env - 
-=[guestbook started successfully]=- 
2022-11-27 15:57:30,276 [main] INFO  luminus.http-server - starting HTTP server on port 3000 
2022-11-27 15:57:30,283 [main] INFO  guestbook.core - #'guestbook.db.core/*db* started 
2022-11-27 15:57:30,283 [main] INFO  guestbook.core - #'guestbook.handler/init-app started 
2022-11-27 15:57:30,283 [main] INFO  guestbook.core - #'guestbook.handler/app-routes started 
2022-11-27 15:57:30,283 [main] INFO  guestbook.core - #'guestbook.core/http-server started 
2022-11-27 15:57:30,283 [main] INFO  guestbook.core - #'guestbook.core/repl-server started 
2022-11-27 15:58:25,883 [Thread-1] INFO  luminus.http-server - HTTP server stopped 
2022-11-27 15:58:25,884 [Thread-1] INFO  guestbook.env - 
-=[guestbook has shut down successfully]=- 
2022-11-27 15:58:25,890 [Thread-1] INFO  guestbook.core - #'guestbook.core/repl-server stopped 
2022-11-27 15:58:25,890 [Thread-1] INFO  guestbook.core - #'guestbook.core/http-server stopped 
2022-11-27 15:58:25,891 [Thread-1] INFO  guestbook.core - #'guestbook.handler/init-app stopped 
2022-11-27 15:58:25,891 [Thread-1] INFO  guestbook.core - #'guestbook.db.core/*db* stopped 
2022-11-27 17:50:24,183 [main] INFO  guestbook.env - 
-=[guestbook started successfully using the development profile]=- 
2022-11-27 17:50:24,487 [main] INFO  luminus.http-server - starting HTTP server on port 3000 
2022-11-27 17:50:24,499 [main] INFO  guestbook.nrepl - starting nREPL server on port 7000 
2022-11-27 17:50:24,520 [main] INFO  guestbook.core - #'guestbook.db.core/*db* started 
2022-11-27 17:50:24,521 [main] INFO  guestbook.core - #'guestbook.handler/init-app started 
2022-11-27 17:50:24,521 [main] INFO  guestbook.core - #'guestbook.handler/app-routes started 
2022-11-27 17:50:24,521 [main] INFO  guestbook.core - #'guestbook.core/http-server started 
2022-11-27 17:50:24,522 [main] INFO  guestbook.core - #'guestbook.core/repl-server started 
2022-11-27 18:26:36,942 [HikariPool-1 housekeeper] WARN  com.zaxxer.hikari.pool.HikariPool - HikariPool-1 - Thread starvation or clock leap detected (housekeeper delta=31m12s654ms312µs500ns). 
2022-11-27 18:30:46,145 [Thread-2] INFO  guestbook.nrepl - nREPL server stopped 
2022-11-27 18:30:46,148 [Thread-2] INFO  luminus.http-server - HTTP server stopped 
2022-11-27 18:30:46,148 [Thread-2] INFO  guestbook.env - 
-=[guestbook has shut down successfully]=- 
2022-11-27 18:30:46,151 [Thread-2] INFO  guestbook.core - #'guestbook.core/repl-server stopped 
2022-11-27 18:30:46,151 [Thread-2] INFO  guestbook.core - #'guestbook.core/http-server stopped 
2022-11-27 18:30:46,151 [Thread-2] INFO  guestbook.core - #'guestbook.handler/init-app stopped 
2022-11-27 18:30:46,151 [Thread-2] INFO  guestbook.core - #'guestbook.db.core/*db* stopped 
2022-11-27 18:30:57,717 [main] INFO  guestbook.env - 
-=[guestbook started successfully using the development profile]=- 
2022-11-27 18:30:58,032 [main] INFO  luminus.http-server - starting HTTP server on port 3000 
2022-11-27 18:30:58,043 [main] INFO  guestbook.nrepl - starting nREPL server on port 7000 
2022-11-27 18:30:58,054 [main] INFO  guestbook.core - #'guestbook.db.core/*db* started 
2022-11-27 18:30:58,054 [main] INFO  guestbook.core - #'guestbook.handler/init-app started 
2022-11-27 18:30:58,054 [main] INFO  guestbook.core - #'guestbook.handler/app-routes started 
2022-11-27 18:30:58,055 [main] INFO  guestbook.core - #'guestbook.core/http-server started 
2022-11-27 18:30:58,055 [main] INFO  guestbook.core - #'guestbook.core/repl-server started 
2022-11-27 18:31:22,440 [Thread-2] INFO  guestbook.nrepl - nREPL server stopped 
2022-11-27 18:31:22,442 [Thread-2] INFO  luminus.http-server - HTTP server stopped 
2022-11-27 18:31:22,443 [Thread-2] INFO  guestbook.env - 
-=[guestbook has shut down successfully]=- 
2022-11-27 18:31:22,446 [Thread-2] INFO  guestbook.core - #'guestbook.core/repl-server stopped 
2022-11-27 18:31:22,446 [Thread-2] INFO  guestbook.core - #'guestbook.core/http-server stopped 
2022-11-27 18:31:22,446 [Thread-2] INFO  guestbook.core - #'guestbook.handler/init-app stopped 
2022-11-27 18:31:22,446 [Thread-2] INFO  guestbook.core - #'guestbook.db.core/*db* stopped 
2022-11-27 18:46:06,263 [main] INFO  guestbook.env - 
-=[guestbook started successfully using the development profile]=- 
2022-11-27 18:46:06,551 [main] INFO  luminus.http-server - starting HTTP server on port 3000 
2022-11-27 18:46:06,559 [main] INFO  guestbook.nrepl - starting nREPL server on port 7000 
2022-11-27 18:46:06,572 [main] INFO  guestbook.core - #'guestbook.db.core/*db* started 
2022-11-27 18:46:06,573 [main] INFO  guestbook.core - #'guestbook.handler/init-app started 
2022-11-27 18:46:06,573 [main] INFO  guestbook.core - #'guestbook.handler/app-routes started 
2022-11-27 18:46:06,573 [main] INFO  guestbook.core - #'guestbook.core/http-server started 
2022-11-27 18:46:06,573 [main] INFO  guestbook.core - #'guestbook.core/repl-server started 
2022-11-27 18:52:39,320 [Thread-2] INFO  guestbook.nrepl - nREPL server stopped 
2022-11-27 18:52:39,322 [Thread-2] INFO  luminus.http-server - HTTP server stopped 
2022-11-27 18:52:39,323 [Thread-2] INFO  guestbook.env - 
-=[guestbook has shut down successfully]=- 
2022-11-27 18:52:39,326 [Thread-2] INFO  guestbook.core - #'guestbook.core/repl-server stopped 
2022-11-27 18:52:39,327 [Thread-2] INFO  guestbook.core - #'guestbook.core/http-server stopped 
2022-11-27 18:52:39,327 [Thread-2] INFO  guestbook.core - #'guestbook.handler/init-app stopped 
2022-11-27 18:52:39,327 [Thread-2] INFO  guestbook.core - #'guestbook.db.core/*db* stopped 
2022-11-27 18:53:14,817 [main] INFO  guestbook.env - 
-=[guestbook started successfully using the development profile]=- 
2022-11-27 18:53:15,055 [main] INFO  luminus.http-server - starting HTTP server on port 3000 
2022-11-27 18:53:15,064 [main] INFO  guestbook.nrepl - starting nREPL server on port 7000 
2022-11-27 18:53:15,076 [main] INFO  guestbook.core - #'guestbook.db.core/*db* started 
2022-11-27 18:53:15,076 [main] INFO  guestbook.core - #'guestbook.handler/init-app started 
2022-11-27 18:53:15,076 [main] INFO  guestbook.core - #'guestbook.handler/app-routes started 
2022-11-27 18:53:15,076 [main] INFO  guestbook.core - #'guestbook.core/http-server started 
2022-11-27 18:53:15,076 [main] INFO  guestbook.core - #'guestbook.core/repl-server started 
2022-11-27 18:53:54,717 [Thread-2] INFO  guestbook.nrepl - nREPL server stopped 
2022-11-27 18:53:54,725 [Thread-2] INFO  luminus.http-server - HTTP server stopped 
2022-11-27 18:53:54,726 [Thread-2] INFO  guestbook.env - 
-=[guestbook has shut down successfully]=- 
2022-11-27 18:53:54,734 [Thread-2] INFO  guestbook.core - #'guestbook.core/repl-server stopped 
2022-11-27 18:53:54,735 [Thread-2] INFO  guestbook.core - #'guestbook.core/http-server stopped 
2022-11-27 18:53:54,735 [Thread-2] INFO  guestbook.core - #'guestbook.handler/init-app stopped 
2022-11-27 18:53:54,735 [Thread-2] INFO  guestbook.core - #'guestbook.db.core/*db* stopped 
2022-11-27 19:03:17,924 [main] INFO  guestbook.env - 
-=[guestbook started successfully using the development profile]=- 
2022-11-27 19:03:18,244 [main] INFO  luminus.http-server - starting HTTP server on port 3000 
2022-11-27 19:03:18,254 [main] INFO  guestbook.nrepl - starting nREPL server on port 7000 
2022-11-27 19:03:18,269 [main] INFO  guestbook.core - #'guestbook.db.core/*db* started 
2022-11-27 19:03:18,270 [main] INFO  guestbook.core - #'guestbook.handler/init-app started 
2022-11-27 19:03:18,270 [main] INFO  guestbook.core - #'guestbook.handler/app-routes started 
2022-11-27 19:03:18,270 [main] INFO  guestbook.core - #'guestbook.core/http-server started 
2022-11-27 19:03:18,270 [main] INFO  guestbook.core - #'guestbook.core/repl-server started 
2022-11-27 19:57:49,261 [worker-4] INFO  guestbook.env - 
-=[guestbook has shut down successfully]=- 
2022-11-27 19:57:49,262 [worker-4] INFO  guestbook.env - 
-=[guestbook started successfully using the development profile]=- 
2022-11-27 20:21:00,613 [worker-1] INFO  guestbook.env - 
-=[guestbook has shut down successfully]=- 
2022-11-27 20:21:00,613 [worker-1] INFO  guestbook.env - 
-=[guestbook started successfully using the development profile]=- 
2022-11-27 21:35:40,606 [Thread-2] INFO  guestbook.nrepl - nREPL server stopped 
2022-11-27 21:35:40,609 [Thread-2] INFO  luminus.http-server - HTTP server stopped 
2022-11-27 21:35:40,609 [Thread-2] INFO  guestbook.env - 
-=[guestbook has shut down successfully]=- 
2022-11-27 21:35:40,612 [Thread-2] INFO  guestbook.core - #'guestbook.core/repl-server stopped 
2022-11-27 21:35:40,612 [Thread-2] INFO  guestbook.core - #'guestbook.core/http-server stopped 
2022-11-27 21:35:40,612 [Thread-2] INFO  guestbook.core - #'guestbook.handler/init-app stopped 
2022-11-27 21:35:40,612 [Thread-2] INFO  guestbook.core - #'guestbook.db.core/*db* stopped 
2022-11-27 21:35:52,592 [main] INFO  guestbook.env - 
-=[guestbook started successfully using the development profile]=- 
2022-11-27 21:35:52,899 [main] INFO  luminus.http-server - starting HTTP server on port 3000 
2022-11-27 21:35:52,907 [main] INFO  guestbook.nrepl - starting nREPL server on port 7000 
2022-11-27 21:35:52,920 [main] INFO  guestbook.core - #'guestbook.db.core/*db* started 
2022-11-27 21:35:52,921 [main] INFO  guestbook.core - #'guestbook.handler/init-app started 
2022-11-27 21:35:52,921 [main] INFO  guestbook.core - #'guestbook.handler/app-routes started 
2022-11-27 21:35:52,921 [main] INFO  guestbook.core - #'guestbook.core/http-server started 
2022-11-27 21:35:52,921 [main] INFO  guestbook.core - #'guestbook.core/repl-server started 
2022-11-27 21:56:42,002 [worker-3] INFO  guestbook.env - 
-=[guestbook has shut down successfully]=- 
2022-11-27 21:56:42,003 [worker-3] INFO  guestbook.env - 
-=[guestbook started successfully using the development profile]=- 
2022-11-27 22:00:08,571 [HikariPool-1 housekeeper] WARN  com.zaxxer.hikari.pool.HikariPool - HikariPool-1 - Thread starvation or clock leap detected (housekeeper delta=45s858ms709µs600ns). 
