2022-12-03 13:17:15,518 [main] INFO  guestbook.env - 
-=[guestbook started successfully using the development profile]=- 
2022-12-03 13:17:15,865 [main] INFO  luminus.http-server - starting HTTP server on port 3000 
2022-12-03 13:17:15,873 [main] INFO  guestbook.nrepl - starting nREPL server on port 7000 
2022-12-03 13:17:15,884 [main] INFO  guestbook.core - #'guestbook.db.core/*db* started 
2022-12-03 13:17:15,884 [main] INFO  guestbook.core - #'guestbook.handler/init-app started 
2022-12-03 13:17:15,885 [main] INFO  guestbook.core - #'guestbook.handler/app-routes started 
2022-12-03 13:17:15,885 [main] INFO  guestbook.core - #'guestbook.core/http-server started 
2022-12-03 13:17:15,885 [main] INFO  guestbook.core - #'guestbook.core/repl-server started 
2022-12-03 13:38:03,979 [Thread-2] INFO  guestbook.nrepl - nREPL server stopped 
2022-12-03 13:38:03,982 [Thread-2] INFO  luminus.http-server - HTTP server stopped 
2022-12-03 13:38:03,982 [Thread-2] INFO  guestbook.env - 
-=[guestbook has shut down successfully]=- 
2022-12-03 13:38:03,985 [Thread-2] INFO  guestbook.core - #'guestbook.core/repl-server stopped 
2022-12-03 13:38:03,985 [Thread-2] INFO  guestbook.core - #'guestbook.core/http-server stopped 
2022-12-03 13:38:03,985 [Thread-2] INFO  guestbook.core - #'guestbook.handler/init-app stopped 
2022-12-03 13:38:03,985 [Thread-2] INFO  guestbook.core - #'guestbook.db.core/*db* stopped 
2022-12-03 13:38:15,408 [main] INFO  guestbook.env - 
-=[guestbook started successfully using the development profile]=- 
2022-12-03 13:38:15,761 [main] INFO  luminus.http-server - starting HTTP server on port 3000 
2022-12-03 13:38:15,769 [main] INFO  guestbook.nrepl - starting nREPL server on port 7000 
2022-12-03 13:38:15,783 [main] INFO  guestbook.core - #'guestbook.db.core/*db* started 
2022-12-03 13:38:15,783 [main] INFO  guestbook.core - #'guestbook.handler/init-app started 
2022-12-03 13:38:15,783 [main] INFO  guestbook.core - #'guestbook.handler/app-routes started 
2022-12-03 13:38:15,783 [main] INFO  guestbook.core - #'guestbook.core/http-server started 
2022-12-03 13:38:15,783 [main] INFO  guestbook.core - #'guestbook.core/repl-server started 
