2022-12-18 12:27:46,084 [worker-4] INFO  guestbook.env - 
-=[guestbook has shut down successfully]=- 
2022-12-18 12:27:46,086 [worker-4] INFO  guestbook.env - 
-=[guestbook started successfully using the development profile]=- 
2022-12-18 12:34:32,277 [Thread-2] INFO  guestbook.nrepl - nREPL server stopped 
2022-12-18 12:34:32,280 [Thread-2] INFO  luminus.http-server - HTTP server stopped 
2022-12-18 12:34:32,281 [Thread-2] INFO  guestbook.env - 
-=[guestbook has shut down successfully]=- 
2022-12-18 12:34:32,283 [Thread-2] INFO  guestbook.core - #'guestbook.core/repl-server stopped 
2022-12-18 12:34:32,283 [Thread-2] INFO  guestbook.core - #'guestbook.core/http-server stopped 
2022-12-18 12:34:32,284 [Thread-2] INFO  guestbook.core - #'guestbook.handler/init-app stopped 
2022-12-18 12:34:32,284 [Thread-2] INFO  guestbook.core - #'guestbook.db.core/*db* stopped 
2022-12-18 12:34:48,020 [main] INFO  guestbook.env - 
-=[guestbook started successfully using the development profile]=- 
2022-12-18 12:34:48,463 [main] INFO  luminus.http-server - starting HTTP server on port 3000 
2022-12-18 12:34:48,471 [main] INFO  guestbook.nrepl - starting nREPL server on port 7000 
2022-12-18 12:34:48,483 [main] INFO  guestbook.core - #'guestbook.db.core/*db* started 
2022-12-18 12:34:48,483 [main] INFO  guestbook.core - #'guestbook.handler/init-app started 
2022-12-18 12:34:48,483 [main] INFO  guestbook.core - #'guestbook.handler/app-routes started 
2022-12-18 12:34:48,483 [main] INFO  guestbook.core - #'guestbook.core/http-server started 
2022-12-18 12:34:48,483 [main] INFO  guestbook.core - #'guestbook.core/repl-server started 
2022-12-18 12:35:50,213 [Thread-2] INFO  guestbook.nrepl - nREPL server stopped 
2022-12-18 12:35:50,215 [Thread-2] INFO  luminus.http-server - HTTP server stopped 
2022-12-18 12:35:50,216 [Thread-2] INFO  guestbook.env - 
-=[guestbook has shut down successfully]=- 
2022-12-18 12:35:50,219 [Thread-2] INFO  guestbook.core - #'guestbook.core/repl-server stopped 
2022-12-18 12:35:50,219 [Thread-2] INFO  guestbook.core - #'guestbook.core/http-server stopped 
2022-12-18 12:35:50,219 [Thread-2] INFO  guestbook.core - #'guestbook.handler/init-app stopped 
2022-12-18 12:35:50,219 [Thread-2] INFO  guestbook.core - #'guestbook.db.core/*db* stopped 
2022-12-18 12:37:00,745 [main] INFO  guestbook.env - 
-=[guestbook started successfully using the development profile]=- 
2022-12-18 12:37:01,155 [main] INFO  luminus.http-server - starting HTTP server on port 3000 
2022-12-18 12:37:01,165 [main] INFO  guestbook.nrepl - starting nREPL server on port 7000 
2022-12-18 12:37:01,177 [main] INFO  guestbook.core - #'guestbook.db.core/*db* started 
2022-12-18 12:37:01,177 [main] INFO  guestbook.core - #'guestbook.handler/init-app started 
2022-12-18 12:37:01,178 [main] INFO  guestbook.core - #'guestbook.handler/app-routes started 
2022-12-18 12:37:01,178 [main] INFO  guestbook.core - #'guestbook.core/http-server started 
2022-12-18 12:37:01,178 [main] INFO  guestbook.core - #'guestbook.core/repl-server started 
2022-12-18 12:46:20,923 [worker-1] INFO  guestbook.env - 
-=[guestbook has shut down successfully]=- 
2022-12-18 12:46:20,924 [worker-1] INFO  guestbook.env - 
-=[guestbook started successfully using the development profile]=- 
2022-12-18 14:14:55,283 [HikariPool-1 housekeeper] WARN  com.zaxxer.hikari.pool.HikariPool - HikariPool-1 - Thread starvation or clock leap detected (housekeeper delta=56m54s397ms509µs). 
2022-12-18 14:16:17,058 [Thread-2] INFO  guestbook.nrepl - nREPL server stopped 
2022-12-18 14:16:17,062 [Thread-2] INFO  luminus.http-server - HTTP server stopped 
2022-12-18 14:16:17,063 [Thread-2] INFO  guestbook.env - 
-=[guestbook has shut down successfully]=- 
2022-12-18 14:16:17,065 [Thread-2] INFO  guestbook.core - #'guestbook.core/repl-server stopped 
2022-12-18 14:16:17,065 [Thread-2] INFO  guestbook.core - #'guestbook.core/http-server stopped 
2022-12-18 14:16:17,065 [Thread-2] INFO  guestbook.core - #'guestbook.handler/init-app stopped 
2022-12-18 14:16:17,065 [Thread-2] INFO  guestbook.core - #'guestbook.db.core/*db* stopped 
2022-12-18 14:16:33,128 [main] INFO  guestbook.env - 
-=[guestbook started successfully using the development profile]=- 
2022-12-18 14:16:33,532 [main] INFO  luminus.http-server - starting HTTP server on port 3000 
2022-12-18 14:16:33,547 [main] INFO  guestbook.nrepl - starting nREPL server on port 7000 
2022-12-18 14:16:33,563 [main] INFO  guestbook.core - #'guestbook.db.core/*db* started 
2022-12-18 14:16:33,564 [main] INFO  guestbook.core - #'guestbook.handler/init-app started 
2022-12-18 14:16:33,565 [main] INFO  guestbook.core - #'guestbook.handler/app-routes started 
2022-12-18 14:16:33,565 [main] INFO  guestbook.core - #'guestbook.core/http-server started 
2022-12-18 14:16:33,565 [main] INFO  guestbook.core - #'guestbook.core/repl-server started 
2022-12-18 14:16:54,313 [Thread-2] INFO  guestbook.nrepl - nREPL server stopped 
2022-12-18 14:16:54,319 [Thread-2] INFO  luminus.http-server - HTTP server stopped 
2022-12-18 14:16:54,319 [Thread-2] INFO  guestbook.env - 
-=[guestbook has shut down successfully]=- 
2022-12-18 14:16:54,322 [Thread-2] INFO  guestbook.core - #'guestbook.core/repl-server stopped 
2022-12-18 14:16:54,322 [Thread-2] INFO  guestbook.core - #'guestbook.core/http-server stopped 
2022-12-18 14:16:54,322 [Thread-2] INFO  guestbook.core - #'guestbook.handler/init-app stopped 
2022-12-18 14:16:54,322 [Thread-2] INFO  guestbook.core - #'guestbook.db.core/*db* stopped 
2022-12-18 14:17:24,680 [main] INFO  migratus.core - Starting migrations 
2022-12-18 14:17:24,713 [main] DEBUG migratus.migrations - Looking for migrations in #object[java.io.File 0x4c57e410 /home/wa34gt/clj/guestbook-luminus/resources/migrations] 
2022-12-18 14:17:24,719 [main] INFO  migratus.core - Ending migrations 
2022-12-18 14:19:54,223 [main] INFO  guestbook.env - 
-=[guestbook started successfully using the development profile]=- 
2022-12-18 14:19:54,591 [main] INFO  luminus.http-server - starting HTTP server on port 3000 
2022-12-18 14:19:54,598 [main] INFO  guestbook.nrepl - starting nREPL server on port 7000 
2022-12-18 14:19:54,609 [main] INFO  guestbook.core - #'guestbook.db.core/*db* started 
2022-12-18 14:19:54,609 [main] INFO  guestbook.core - #'guestbook.handler/init-app started 
2022-12-18 14:19:54,609 [main] INFO  guestbook.core - #'guestbook.handler/app-routes started 
2022-12-18 14:19:54,609 [main] INFO  guestbook.core - #'guestbook.core/http-server started 
2022-12-18 14:19:54,609 [main] INFO  guestbook.core - #'guestbook.core/repl-server started 
2022-12-18 14:20:57,866 [Thread-2] INFO  guestbook.nrepl - nREPL server stopped 
2022-12-18 14:20:57,870 [Thread-2] INFO  luminus.http-server - HTTP server stopped 
2022-12-18 14:20:57,871 [Thread-2] INFO  guestbook.env - 
-=[guestbook has shut down successfully]=- 
2022-12-18 14:20:57,873 [Thread-2] INFO  guestbook.core - #'guestbook.core/repl-server stopped 
2022-12-18 14:20:57,874 [Thread-2] INFO  guestbook.core - #'guestbook.core/http-server stopped 
2022-12-18 14:20:57,874 [Thread-2] INFO  guestbook.core - #'guestbook.handler/init-app stopped 
2022-12-18 14:20:57,874 [Thread-2] INFO  guestbook.core - #'guestbook.db.core/*db* stopped 
2022-12-18 14:28:12,402 [nREPL-session-5c32826f-3ffb-49d2-9bac-fc58749aaa8b] INFO  guestbook.env - 
-=[guestbook started successfully using the development profile]=- 
2022-12-18 14:28:12,689 [nREPL-session-5c32826f-3ffb-49d2-9bac-fc58749aaa8b] INFO  luminus.http-server - starting HTTP server on port 3000 
2022-12-18 14:30:28,040 [nREPL-session-5c32826f-3ffb-49d2-9bac-fc58749aaa8b] INFO  luminus.http-server - HTTP server stopped 
2022-12-18 14:30:28,041 [nREPL-session-5c32826f-3ffb-49d2-9bac-fc58749aaa8b] INFO  guestbook.env - 
-=[guestbook has shut down successfully]=- 
2022-12-18 14:30:28,071 [nREPL-session-5c32826f-3ffb-49d2-9bac-fc58749aaa8b] INFO  guestbook.env - 
-=[guestbook started successfully using the development profile]=- 
2022-12-18 14:30:28,176 [nREPL-session-5c32826f-3ffb-49d2-9bac-fc58749aaa8b] INFO  luminus.http-server - starting HTTP server on port 3000 
2022-12-18 14:32:15,943 [nREPL-session-5c32826f-3ffb-49d2-9bac-fc58749aaa8b] INFO  luminus.http-server - HTTP server stopped 
2022-12-18 14:32:15,943 [nREPL-session-5c32826f-3ffb-49d2-9bac-fc58749aaa8b] INFO  guestbook.env - 
-=[guestbook has shut down successfully]=- 
2022-12-18 14:32:15,977 [nREPL-session-5c32826f-3ffb-49d2-9bac-fc58749aaa8b] INFO  guestbook.env - 
-=[guestbook started successfully using the development profile]=- 
2022-12-18 14:32:16,050 [nREPL-session-5c32826f-3ffb-49d2-9bac-fc58749aaa8b] INFO  luminus.http-server - starting HTTP server on port 3000 
2022-12-18 14:33:01,207 [worker-4] INFO  guestbook.messages - saving message {:name Waarom , :message Waarom niet he, :id #uuid "b72a8400-4f33-42c1-bf12-3c63d8b3f27d", :timestamp #object[java.time.LocalDateTime 0x62ffb2a7 2022-12-18T14:33:01.207560500]} 
2022-12-18 14:40:10,274 [nREPL-session-5c32826f-3ffb-49d2-9bac-fc58749aaa8b] INFO  guestbook.env - 
-=[guestbook has shut down successfully]=- 
2022-12-18 14:40:10,275 [nREPL-session-5c32826f-3ffb-49d2-9bac-fc58749aaa8b] INFO  guestbook.env - 
-=[guestbook started successfully using the development profile]=- 
2022-12-18 14:42:24,161 [nREPL-session-5c32826f-3ffb-49d2-9bac-fc58749aaa8b] INFO  guestbook.env - 
-=[guestbook has shut down successfully]=- 
2022-12-18 14:42:24,162 [nREPL-session-5c32826f-3ffb-49d2-9bac-fc58749aaa8b] INFO  guestbook.env - 
-=[guestbook started successfully using the development profile]=- 
2022-12-18 14:42:28,030 [worker-1] INFO  guestbook.env - 
-=[guestbook has shut down successfully]=- 
2022-12-18 14:42:28,031 [worker-1] INFO  guestbook.env - 
-=[guestbook started successfully using the development profile]=- 
2022-12-18 14:44:28,464 [worker-1] INFO  guestbook.messages - saving message {:name Frits, :message Frits is koel, :id #uuid "74c31cbc-de47-4730-a0af-d2856a1f1370", :timestamp #object[java.time.LocalDateTime 0x6f8948a2 2022-12-18T14:44:28.463995100]} 
2022-12-18 14:46:36,681 [nREPL-session-7e8d751d-00f5-4a56-abb6-87fee2396a28] INFO  guestbook.env - 
-=[guestbook started successfully using the development profile]=- 
2022-12-18 14:46:36,963 [nREPL-session-7e8d751d-00f5-4a56-abb6-87fee2396a28] INFO  luminus.http-server - starting HTTP server on port 3000 
2022-12-18 14:47:43,675 [worker-3] INFO  guestbook.messages - saving message {:name Fat Freddys Drop, :message Breathe easy lowev, :id #uuid "1d587c1f-2689-4c56-a205-c5321e821cf2", :timestamp #object[java.time.LocalDateTime 0x2f20f535 2022-12-18T14:47:43.673654900]} 
2022-12-18 14:56:45,196 [nREPL-session-7e8d751d-00f5-4a56-abb6-87fee2396a28] INFO  guestbook.env - 
-=[guestbook has shut down successfully]=- 
2022-12-18 14:56:45,197 [nREPL-session-7e8d751d-00f5-4a56-abb6-87fee2396a28] INFO  guestbook.env - 
-=[guestbook started successfully using the development profile]=- 
2022-12-18 14:56:50,761 [worker-4] INFO  guestbook.env - 
-=[guestbook has shut down successfully]=- 
2022-12-18 14:56:50,762 [worker-4] INFO  guestbook.env - 
-=[guestbook started successfully using the development profile]=- 
2022-12-18 16:12:40,229 [HikariPool-1 housekeeper] WARN  com.zaxxer.hikari.pool.HikariPool - HikariPool-1 - Thread starvation or clock leap detected (housekeeper delta=45m33s405ms473µs700ns). 
2022-12-18 16:19:49,570 [nREPL-session-7e8d751d-00f5-4a56-abb6-87fee2396a28] INFO  guestbook.env - 
-=[guestbook has shut down successfully]=- 
2022-12-18 16:19:49,571 [nREPL-session-7e8d751d-00f5-4a56-abb6-87fee2396a28] INFO  guestbook.env - 
-=[guestbook started successfully using the development profile]=- 
2022-12-18 16:19:53,097 [worker-2] INFO  guestbook.env - 
-=[guestbook has shut down successfully]=- 
2022-12-18 16:19:53,097 [worker-2] INFO  guestbook.env - 
-=[guestbook started successfully using the development profile]=- 
2022-12-18 16:25:29,183 [worker-3] INFO  guestbook.routes.services - params:  {:name Kaas, :message Meneer evert, zo is 't maar net} 
2022-12-18 16:25:29,183 [worker-3] INFO  guestbook.messages - saving message {:name Kaas, :message Meneer evert, zo is 't maar net, :id #uuid "21851833-be4b-4507-ac44-6ae718d9fa55", :timestamp #object[java.time.LocalDateTime 0x699f0fb7 2022-12-18T16:25:29.183603200]} 
2022-12-18 16:28:36,465 [worker-1] INFO  guestbook.env - 
-=[guestbook has shut down successfully]=- 
2022-12-18 16:28:36,465 [worker-1] INFO  guestbook.env - 
-=[guestbook started successfully using the development profile]=- 
2022-12-18 16:30:56,382 [worker-4] INFO  guestbook.env - 
-=[guestbook has shut down successfully]=- 
2022-12-18 16:30:56,382 [worker-4] INFO  guestbook.env - 
-=[guestbook started successfully using the development profile]=- 
2022-12-18 16:32:28,857 [worker-1] INFO  guestbook.env - 
-=[guestbook has shut down successfully]=- 
2022-12-18 16:32:28,857 [worker-1] INFO  guestbook.env - 
-=[guestbook started successfully using the development profile]=- 
2022-12-18 16:37:33,230 [worker-4] INFO  guestbook.env - 
-=[guestbook has shut down successfully]=- 
2022-12-18 16:37:33,230 [worker-4] INFO  guestbook.env - 
-=[guestbook started successfully using the development profile]=- 
2022-12-18 16:51:03,422 [worker-1] INFO  guestbook.env - 
-=[guestbook has shut down successfully]=- 
2022-12-18 16:51:03,423 [worker-1] INFO  guestbook.env - 
-=[guestbook started successfully using the development profile]=- 
2022-12-18 16:52:08,668 [worker-4] INFO  guestbook.routes.services - params:  {:name lkjsdflkjslfkjs, :message 10010101010jlskjfsdf} 
2022-12-18 16:52:08,668 [worker-4] INFO  guestbook.messages - saving message {:name lkjsdflkjslfkjs, :message 10010101010jlskjfsdf, :id #uuid "12fc87f8-f937-49fd-8fae-3c9c0fc2ffb5", :timestamp #object[java.time.LocalDateTime 0x31fbc6c3 2022-12-18T16:52:08.668394100]} 
2022-12-18 17:00:02,991 [worker-4] INFO  guestbook.env - 
-=[guestbook has shut down successfully]=- 
2022-12-18 17:00:02,991 [worker-4] INFO  guestbook.env - 
-=[guestbook started successfully using the development profile]=- 
2022-12-18 17:00:21,471 [worker-4] INFO  guestbook.env - 
-=[guestbook has shut down successfully]=- 
2022-12-18 17:00:21,471 [worker-4] INFO  guestbook.env - 
-=[guestbook started successfully using the development profile]=- 
2022-12-18 17:05:39,450 [worker-3] INFO  guestbook.routes.services - params:  {:name sdfsdfsd, :message sfsdfsdfsdfsdfsdfsdf} 
2022-12-18 17:05:39,450 [worker-3] INFO  guestbook.messages - saving message {:name sdfsdfsd, :message sfsdfsdfsdfsdfsdfsdf, :id #uuid "e8ae84e3-2e39-4ea3-8020-3b8fd543b3ab", :timestamp #object[java.time.LocalDateTime 0x3a84b680 2022-12-18T17:05:39.450673100]} 
2022-12-18 17:32:25,727 [worker-1] INFO  guestbook.env - 
-=[guestbook has shut down successfully]=- 
2022-12-18 17:32:25,728 [worker-1] INFO  guestbook.env - 
-=[guestbook started successfully using the development profile]=- 
2022-12-18 17:35:29,327 [worker-1] INFO  guestbook.env - 
-=[guestbook has shut down successfully]=- 
2022-12-18 17:35:29,327 [worker-1] INFO  guestbook.env - 
-=[guestbook started successfully using the development profile]=- 
2022-12-18 17:35:49,292 [worker-1] INFO  guestbook.env - 
-=[guestbook has shut down successfully]=- 
2022-12-18 17:35:49,292 [worker-1] INFO  guestbook.env - 
-=[guestbook started successfully using the development profile]=- 
2022-12-18 17:48:14,509 [worker-3] INFO  guestbook.env - 
-=[guestbook has shut down successfully]=- 
2022-12-18 17:48:14,510 [worker-3] INFO  guestbook.env - 
-=[guestbook started successfully using the development profile]=- 
2022-12-18 17:48:50,855 [worker-2] INFO  guestbook.env - 
-=[guestbook has shut down successfully]=- 
2022-12-18 17:48:50,855 [worker-2] INFO  guestbook.env - 
-=[guestbook started successfully using the development profile]=- 
2022-12-18 17:49:24,979 [nREPL-session-7e8d751d-00f5-4a56-abb6-87fee2396a28] INFO  luminus.http-server - HTTP server stopped 
2022-12-18 17:49:24,980 [nREPL-session-7e8d751d-00f5-4a56-abb6-87fee2396a28] INFO  guestbook.env - 
-=[guestbook has shut down successfully]=- 
2022-12-18 17:49:25,010 [nREPL-session-7e8d751d-00f5-4a56-abb6-87fee2396a28] INFO  guestbook.env - 
-=[guestbook started successfully using the development profile]=- 
2022-12-18 17:49:25,053 [nREPL-session-7e8d751d-00f5-4a56-abb6-87fee2396a28] INFO  luminus.http-server - starting HTTP server on port 3000 
