2022-12-17 12:06:48,880 [main] INFO  guestbook.env - 
-=[guestbook started successfully using the development profile]=- 
2022-12-17 12:06:49,375 [main] INFO  luminus.http-server - starting HTTP server on port 3000 
2022-12-17 12:06:49,389 [main] INFO  guestbook.nrepl - starting nREPL server on port 7000 
2022-12-17 12:06:49,407 [main] INFO  guestbook.core - #'guestbook.db.core/*db* started 
2022-12-17 12:06:49,409 [main] INFO  guestbook.core - #'guestbook.handler/init-app started 
2022-12-17 12:06:49,410 [main] INFO  guestbook.core - #'guestbook.handler/app-routes started 
2022-12-17 12:06:49,410 [main] INFO  guestbook.core - #'guestbook.core/http-server started 
2022-12-17 12:06:49,410 [main] INFO  guestbook.core - #'guestbook.core/repl-server started 
2022-12-17 12:19:44,814 [Thread-2] INFO  guestbook.nrepl - nREPL server stopped 
2022-12-17 12:19:44,823 [Thread-2] INFO  luminus.http-server - HTTP server stopped 
2022-12-17 12:19:44,824 [Thread-2] INFO  guestbook.env - 
-=[guestbook has shut down successfully]=- 
2022-12-17 12:19:44,830 [Thread-2] INFO  guestbook.core - #'guestbook.core/repl-server stopped 
2022-12-17 12:19:44,831 [Thread-2] INFO  guestbook.core - #'guestbook.core/http-server stopped 
2022-12-17 12:19:44,831 [Thread-2] INFO  guestbook.core - #'guestbook.handler/init-app stopped 
2022-12-17 12:19:44,831 [Thread-2] INFO  guestbook.core - #'guestbook.db.core/*db* stopped 
2022-12-17 12:20:24,299 [main] INFO  guestbook.env - 
-=[guestbook started successfully using the development profile]=- 
2022-12-17 12:20:24,681 [main] INFO  luminus.http-server - starting HTTP server on port 3000 
2022-12-17 12:20:24,689 [main] INFO  guestbook.nrepl - starting nREPL server on port 7000 
2022-12-17 12:20:24,701 [main] INFO  guestbook.core - #'guestbook.db.core/*db* started 
2022-12-17 12:20:24,701 [main] INFO  guestbook.core - #'guestbook.handler/init-app started 
2022-12-17 12:20:24,701 [main] INFO  guestbook.core - #'guestbook.handler/app-routes started 
2022-12-17 12:20:24,701 [main] INFO  guestbook.core - #'guestbook.core/http-server started 
2022-12-17 12:20:24,701 [main] INFO  guestbook.core - #'guestbook.core/repl-server started 
2022-12-17 12:27:37,917 [Thread-2] INFO  guestbook.nrepl - nREPL server stopped 
2022-12-17 12:27:37,923 [Thread-2] INFO  luminus.http-server - HTTP server stopped 
2022-12-17 12:27:37,924 [Thread-2] INFO  guestbook.env - 
-=[guestbook has shut down successfully]=- 
2022-12-17 12:27:37,929 [Thread-2] INFO  guestbook.core - #'guestbook.core/repl-server stopped 
2022-12-17 12:27:37,930 [Thread-2] INFO  guestbook.core - #'guestbook.core/http-server stopped 
2022-12-17 12:27:37,930 [Thread-2] INFO  guestbook.core - #'guestbook.handler/init-app stopped 
2022-12-17 12:27:37,930 [Thread-2] INFO  guestbook.core - #'guestbook.db.core/*db* stopped 
2022-12-17 12:27:50,130 [main] INFO  guestbook.env - 
-=[guestbook started successfully using the development profile]=- 
2022-12-17 12:27:50,512 [main] INFO  luminus.http-server - starting HTTP server on port 3000 
2022-12-17 12:27:50,521 [main] INFO  guestbook.nrepl - starting nREPL server on port 7000 
2022-12-17 12:27:50,533 [main] INFO  guestbook.core - #'guestbook.db.core/*db* started 
2022-12-17 12:27:50,534 [main] INFO  guestbook.core - #'guestbook.handler/init-app started 
2022-12-17 12:27:50,534 [main] INFO  guestbook.core - #'guestbook.handler/app-routes started 
2022-12-17 12:27:50,534 [main] INFO  guestbook.core - #'guestbook.core/http-server started 
2022-12-17 12:27:50,534 [main] INFO  guestbook.core - #'guestbook.core/repl-server started 
2022-12-17 12:44:26,914 [Thread-2] INFO  guestbook.nrepl - nREPL server stopped 
2022-12-17 12:44:26,919 [Thread-2] INFO  luminus.http-server - HTTP server stopped 
2022-12-17 12:44:26,920 [Thread-2] INFO  guestbook.env - 
-=[guestbook has shut down successfully]=- 
2022-12-17 12:44:26,924 [Thread-2] INFO  guestbook.core - #'guestbook.core/repl-server stopped 
2022-12-17 12:44:26,925 [Thread-2] INFO  guestbook.core - #'guestbook.core/http-server stopped 
2022-12-17 12:44:26,925 [Thread-2] INFO  guestbook.core - #'guestbook.handler/init-app stopped 
2022-12-17 12:44:26,925 [Thread-2] INFO  guestbook.core - #'guestbook.db.core/*db* stopped 
2022-12-17 12:44:39,169 [main] INFO  guestbook.env - 
-=[guestbook started successfully using the development profile]=- 
2022-12-17 12:44:39,542 [main] INFO  luminus.http-server - starting HTTP server on port 3000 
2022-12-17 12:44:39,549 [main] INFO  guestbook.nrepl - starting nREPL server on port 7000 
2022-12-17 12:44:39,561 [main] INFO  guestbook.core - #'guestbook.db.core/*db* started 
2022-12-17 12:44:39,561 [main] INFO  guestbook.core - #'guestbook.handler/init-app started 
2022-12-17 12:44:39,561 [main] INFO  guestbook.core - #'guestbook.handler/app-routes started 
2022-12-17 12:44:39,561 [main] INFO  guestbook.core - #'guestbook.core/http-server started 
2022-12-17 12:44:39,561 [main] INFO  guestbook.core - #'guestbook.core/repl-server started 
2022-12-17 12:45:46,253 [Thread-2] INFO  guestbook.nrepl - nREPL server stopped 
2022-12-17 12:45:46,257 [Thread-2] INFO  luminus.http-server - HTTP server stopped 
2022-12-17 12:45:46,257 [Thread-2] INFO  guestbook.env - 
-=[guestbook has shut down successfully]=- 
2022-12-17 12:45:46,260 [Thread-2] INFO  guestbook.core - #'guestbook.core/repl-server stopped 
2022-12-17 12:45:46,260 [Thread-2] INFO  guestbook.core - #'guestbook.core/http-server stopped 
2022-12-17 12:45:46,260 [Thread-2] INFO  guestbook.core - #'guestbook.handler/init-app stopped 
2022-12-17 12:45:46,260 [Thread-2] INFO  guestbook.core - #'guestbook.db.core/*db* stopped 
2022-12-17 12:46:12,055 [main] INFO  guestbook.env - 
-=[guestbook started successfully using the development profile]=- 
2022-12-17 12:46:12,421 [main] INFO  luminus.http-server - starting HTTP server on port 3000 
2022-12-17 12:46:12,429 [main] INFO  guestbook.nrepl - starting nREPL server on port 7000 
2022-12-17 12:46:12,443 [main] INFO  guestbook.core - #'guestbook.db.core/*db* started 
2022-12-17 12:46:12,443 [main] INFO  guestbook.core - #'guestbook.handler/init-app started 
2022-12-17 12:46:12,443 [main] INFO  guestbook.core - #'guestbook.handler/app-routes started 
2022-12-17 12:46:12,443 [main] INFO  guestbook.core - #'guestbook.core/http-server started 
2022-12-17 12:46:12,444 [main] INFO  guestbook.core - #'guestbook.core/repl-server started 
2022-12-17 12:48:40,569 [Thread-2] INFO  guestbook.nrepl - nREPL server stopped 
2022-12-17 12:48:40,572 [Thread-2] INFO  luminus.http-server - HTTP server stopped 
2022-12-17 12:48:40,572 [Thread-2] INFO  guestbook.env - 
-=[guestbook has shut down successfully]=- 
2022-12-17 12:48:40,575 [Thread-2] INFO  guestbook.core - #'guestbook.core/repl-server stopped 
2022-12-17 12:48:40,575 [Thread-2] INFO  guestbook.core - #'guestbook.core/http-server stopped 
2022-12-17 12:48:40,575 [Thread-2] INFO  guestbook.core - #'guestbook.handler/init-app stopped 
2022-12-17 12:48:40,575 [Thread-2] INFO  guestbook.core - #'guestbook.db.core/*db* stopped 
2022-12-17 12:48:52,846 [main] INFO  guestbook.env - 
-=[guestbook started successfully using the development profile]=- 
2022-12-17 12:48:53,156 [main] INFO  luminus.http-server - starting HTTP server on port 3000 
2022-12-17 12:48:53,165 [main] INFO  guestbook.nrepl - starting nREPL server on port 7000 
2022-12-17 12:48:53,175 [main] INFO  guestbook.core - #'guestbook.db.core/*db* started 
2022-12-17 12:48:53,176 [main] INFO  guestbook.core - #'guestbook.handler/init-app started 
2022-12-17 12:48:53,176 [main] INFO  guestbook.core - #'guestbook.handler/app-routes started 
2022-12-17 12:48:53,176 [main] INFO  guestbook.core - #'guestbook.core/http-server started 
2022-12-17 12:48:53,176 [main] INFO  guestbook.core - #'guestbook.core/repl-server started 
2022-12-17 12:50:30,658 [Thread-2] INFO  guestbook.nrepl - nREPL server stopped 
2022-12-17 12:50:30,661 [Thread-2] INFO  luminus.http-server - HTTP server stopped 
2022-12-17 12:50:30,662 [Thread-2] INFO  guestbook.env - 
-=[guestbook has shut down successfully]=- 
2022-12-17 12:50:30,665 [Thread-2] INFO  guestbook.core - #'guestbook.core/repl-server stopped 
2022-12-17 12:50:30,665 [Thread-2] INFO  guestbook.core - #'guestbook.core/http-server stopped 
2022-12-17 12:50:30,665 [Thread-2] INFO  guestbook.core - #'guestbook.handler/init-app stopped 
2022-12-17 12:50:30,665 [Thread-2] INFO  guestbook.core - #'guestbook.db.core/*db* stopped 
2022-12-17 13:13:56,628 [main] INFO  guestbook.env - 
-=[guestbook started successfully using the development profile]=- 
2022-12-17 13:13:56,952 [main] INFO  luminus.http-server - starting HTTP server on port 3000 
2022-12-17 13:13:56,960 [main] INFO  guestbook.nrepl - starting nREPL server on port 7000 
2022-12-17 13:13:56,972 [main] INFO  guestbook.core - #'guestbook.db.core/*db* started 
2022-12-17 13:13:56,972 [main] INFO  guestbook.core - #'guestbook.handler/init-app started 
2022-12-17 13:13:56,972 [main] INFO  guestbook.core - #'guestbook.handler/app-routes started 
2022-12-17 13:13:56,972 [main] INFO  guestbook.core - #'guestbook.core/http-server started 
2022-12-17 13:13:56,972 [main] INFO  guestbook.core - #'guestbook.core/repl-server started 
2022-12-17 13:13:58,863 [Thread-2] INFO  guestbook.nrepl - nREPL server stopped 
2022-12-17 13:13:58,865 [Thread-2] INFO  luminus.http-server - HTTP server stopped 
2022-12-17 13:13:58,865 [Thread-2] INFO  guestbook.env - 
-=[guestbook has shut down successfully]=- 
2022-12-17 13:13:58,870 [Thread-2] INFO  guestbook.core - #'guestbook.core/repl-server stopped 
2022-12-17 13:13:58,870 [Thread-2] INFO  guestbook.core - #'guestbook.core/http-server stopped 
2022-12-17 13:13:58,870 [Thread-2] INFO  guestbook.core - #'guestbook.handler/init-app stopped 
2022-12-17 13:13:58,870 [Thread-2] INFO  guestbook.core - #'guestbook.db.core/*db* stopped 
2022-12-17 13:14:11,966 [main] INFO  migratus.core - Starting migrations 
2022-12-17 13:14:11,994 [main] DEBUG migratus.migrations - Looking for migrations in #object[java.io.File 0x220f76ee /home/wa34gt/clj/guestbook-luminus/resources/migrations] 
2022-12-17 13:14:11,999 [main] INFO  migratus.core - Ending migrations 
2022-12-17 13:20:13,093 [main] INFO  guestbook.env - 
-=[guestbook started successfully using the development profile]=- 
2022-12-17 13:20:13,435 [main] INFO  luminus.http-server - starting HTTP server on port 3000 
2022-12-17 13:20:13,444 [main] INFO  guestbook.nrepl - starting nREPL server on port 7000 
2022-12-17 13:20:13,455 [main] INFO  guestbook.core - #'guestbook.db.core/*db* started 
2022-12-17 13:20:13,456 [main] INFO  guestbook.core - #'guestbook.handler/init-app started 
2022-12-17 13:20:13,456 [main] INFO  guestbook.core - #'guestbook.handler/app-routes started 
2022-12-17 13:20:13,456 [main] INFO  guestbook.core - #'guestbook.core/http-server started 
2022-12-17 13:20:13,456 [main] INFO  guestbook.core - #'guestbook.core/repl-server started 
