2022-12-04 15:26:51,559 [Thread-2] INFO  guestbook.nrepl - nREPL server stopped 
2022-12-04 15:26:51,570 [Thread-2] INFO  luminus.http-server - HTTP server stopped 
2022-12-04 15:26:51,570 [Thread-2] INFO  guestbook.env - 
-=[guestbook has shut down successfully]=- 
2022-12-04 15:26:51,573 [Thread-2] INFO  guestbook.core - #'guestbook.core/repl-server stopped 
2022-12-04 15:26:51,573 [Thread-2] INFO  guestbook.core - #'guestbook.core/http-server stopped 
2022-12-04 15:26:51,573 [Thread-2] INFO  guestbook.core - #'guestbook.handler/init-app stopped 
2022-12-04 15:26:51,573 [Thread-2] INFO  guestbook.core - #'guestbook.db.core/*db* stopped 
2022-12-04 15:27:26,258 [main] INFO  guestbook.env - 
-=[guestbook started successfully using the development profile]=- 
2022-12-04 15:27:26,633 [main] INFO  luminus.http-server - starting HTTP server on port 3000 
2022-12-04 15:27:26,643 [main] INFO  guestbook.nrepl - starting nREPL server on port 7000 
2022-12-04 15:27:26,655 [main] INFO  guestbook.core - #'guestbook.db.core/*db* started 
2022-12-04 15:27:26,656 [main] INFO  guestbook.core - #'guestbook.handler/init-app started 
2022-12-04 15:27:26,656 [main] INFO  guestbook.core - #'guestbook.handler/app-routes started 
2022-12-04 15:27:26,656 [main] INFO  guestbook.core - #'guestbook.core/http-server started 
2022-12-04 15:27:26,656 [main] INFO  guestbook.core - #'guestbook.core/repl-server started 
2022-12-04 15:48:14,802 [Thread-2] INFO  guestbook.nrepl - nREPL server stopped 
2022-12-04 15:48:14,805 [Thread-2] INFO  luminus.http-server - HTTP server stopped 
2022-12-04 15:48:14,806 [Thread-2] INFO  guestbook.env - 
-=[guestbook has shut down successfully]=- 
2022-12-04 15:48:14,809 [Thread-2] INFO  guestbook.core - #'guestbook.core/repl-server stopped 
2022-12-04 15:48:14,809 [Thread-2] INFO  guestbook.core - #'guestbook.core/http-server stopped 
2022-12-04 15:48:14,809 [Thread-2] INFO  guestbook.core - #'guestbook.handler/init-app stopped 
2022-12-04 15:48:14,809 [Thread-2] INFO  guestbook.core - #'guestbook.db.core/*db* stopped 
2022-12-04 15:48:26,221 [main] INFO  guestbook.env - 
-=[guestbook started successfully using the development profile]=- 
2022-12-04 15:48:26,572 [main] INFO  luminus.http-server - starting HTTP server on port 3000 
2022-12-04 15:48:26,579 [main] INFO  guestbook.nrepl - starting nREPL server on port 7000 
2022-12-04 15:48:26,591 [main] INFO  guestbook.core - #'guestbook.db.core/*db* started 
2022-12-04 15:48:26,591 [main] INFO  guestbook.core - #'guestbook.handler/init-app started 
2022-12-04 15:48:26,591 [main] INFO  guestbook.core - #'guestbook.handler/app-routes started 
2022-12-04 15:48:26,591 [main] INFO  guestbook.core - #'guestbook.core/http-server started 
2022-12-04 15:48:26,591 [main] INFO  guestbook.core - #'guestbook.core/repl-server started 
2022-12-04 15:48:29,466 [Thread-2] INFO  guestbook.nrepl - nREPL server stopped 
2022-12-04 15:48:29,468 [Thread-2] INFO  luminus.http-server - HTTP server stopped 
2022-12-04 15:48:29,469 [Thread-2] INFO  guestbook.env - 
-=[guestbook has shut down successfully]=- 
2022-12-04 15:48:29,474 [Thread-2] INFO  guestbook.core - #'guestbook.core/repl-server stopped 
2022-12-04 15:48:29,474 [Thread-2] INFO  guestbook.core - #'guestbook.core/http-server stopped 
2022-12-04 15:48:29,474 [Thread-2] INFO  guestbook.core - #'guestbook.handler/init-app stopped 
2022-12-04 15:48:29,474 [Thread-2] INFO  guestbook.core - #'guestbook.db.core/*db* stopped 
2022-12-04 15:48:54,882 [nREPL-session-2c4e0fb9-45a1-4b8e-8f2c-8d6ab17e1904] INFO  guestbook.env - 
-=[guestbook started successfully using the development profile]=- 
2022-12-04 15:48:55,210 [nREPL-session-2c4e0fb9-45a1-4b8e-8f2c-8d6ab17e1904] INFO  luminus.http-server - starting HTTP server on port 3000 
2022-12-04 15:48:58,136 [nREPL-session-2c4e0fb9-45a1-4b8e-8f2c-8d6ab17e1904] INFO  migratus.core - Starting migrations 
2022-12-04 15:48:58,143 [nREPL-session-2c4e0fb9-45a1-4b8e-8f2c-8d6ab17e1904] INFO  migratus.database - creating migration table 'schema_migrations' 
2022-12-04 15:48:58,159 [nREPL-session-2c4e0fb9-45a1-4b8e-8f2c-8d6ab17e1904] DEBUG migratus.migrations - Looking for migrations in #object[java.io.File 0x475caa0d /home/wa34gt/clj/guestbook-luminus/resources/migrations] 
2022-12-04 15:48:58,162 [nREPL-session-2c4e0fb9-45a1-4b8e-8f2c-8d6ab17e1904] INFO  migratus.core - Running up for [20221126145346 20221126153652] 
2022-12-04 15:48:58,163 [nREPL-session-2c4e0fb9-45a1-4b8e-8f2c-8d6ab17e1904] INFO  migratus.core - Up 20221126145346-guestbook 
2022-12-04 15:48:58,164 [nREPL-session-2c4e0fb9-45a1-4b8e-8f2c-8d6ab17e1904] INFO  migratus.database - Connection is  {:connection #object[org.h2.jdbc.JdbcConnection 0x5a70fa59 conn10: url=jdbc:h2:./guestbook_dev.db user=]} Config is {:store :database, :db {:connection-uri uri-censored}} 
2022-12-04 15:48:58,172 [nREPL-session-2c4e0fb9-45a1-4b8e-8f2c-8d6ab17e1904] DEBUG migratus.migration.sql - found 1 up migrations 
2022-12-04 15:48:58,175 [nREPL-session-2c4e0fb9-45a1-4b8e-8f2c-8d6ab17e1904] DEBUG migratus.database - marking 20221126145346 complete 
2022-12-04 15:48:58,178 [nREPL-session-2c4e0fb9-45a1-4b8e-8f2c-8d6ab17e1904] INFO  migratus.core - Up 20221126153652-add-users-table 
2022-12-04 15:48:58,178 [nREPL-session-2c4e0fb9-45a1-4b8e-8f2c-8d6ab17e1904] INFO  migratus.database - Connection is  {:connection #object[org.h2.jdbc.JdbcConnection 0x5a70fa59 conn10: url=jdbc:h2:./guestbook_dev.db user=]} Config is {:store :database, :db {:connection-uri uri-censored}} 
2022-12-04 15:48:58,179 [nREPL-session-2c4e0fb9-45a1-4b8e-8f2c-8d6ab17e1904] DEBUG migratus.migration.sql - found 1 up migrations 
2022-12-04 15:48:58,181 [nREPL-session-2c4e0fb9-45a1-4b8e-8f2c-8d6ab17e1904] DEBUG migratus.database - marking 20221126153652 complete 
2022-12-04 15:48:58,182 [nREPL-session-2c4e0fb9-45a1-4b8e-8f2c-8d6ab17e1904] INFO  migratus.core - Ending migrations 
2022-12-04 15:49:16,710 [main] INFO  guestbook.env - 
-=[guestbook started successfully using the development profile]=- 
2022-12-04 15:49:17,120 [main] INFO  luminus.http-server - starting HTTP server on port 3000 
2022-12-04 15:49:17,129 [main] INFO  guestbook.nrepl - starting nREPL server on port 7000 
2022-12-04 15:49:17,145 [main] INFO  guestbook.core - #'guestbook.db.core/*db* started 
2022-12-04 15:49:17,145 [main] INFO  guestbook.core - #'guestbook.handler/init-app started 
2022-12-04 15:49:17,145 [main] INFO  guestbook.core - #'guestbook.handler/app-routes started 
2022-12-04 15:49:17,145 [main] INFO  guestbook.core - #'guestbook.core/http-server started 
2022-12-04 15:49:17,145 [main] INFO  guestbook.core - #'guestbook.core/repl-server started 
2022-12-04 15:49:49,485 [Thread-2] INFO  guestbook.nrepl - nREPL server stopped 
2022-12-04 15:49:49,488 [Thread-2] INFO  luminus.http-server - HTTP server stopped 
2022-12-04 15:49:49,489 [Thread-2] INFO  guestbook.env - 
-=[guestbook has shut down successfully]=- 
2022-12-04 15:49:49,492 [Thread-2] INFO  guestbook.core - #'guestbook.core/repl-server stopped 
2022-12-04 15:49:49,492 [Thread-2] INFO  guestbook.core - #'guestbook.core/http-server stopped 
2022-12-04 15:49:49,492 [Thread-2] INFO  guestbook.core - #'guestbook.handler/init-app stopped 
2022-12-04 15:49:49,493 [Thread-2] INFO  guestbook.core - #'guestbook.db.core/*db* stopped 
2022-12-04 15:50:12,673 [main] INFO  guestbook.env - 
-=[guestbook started successfully using the development profile]=- 
2022-12-04 15:50:13,029 [main] INFO  luminus.http-server - starting HTTP server on port 3000 
2022-12-04 15:50:13,038 [main] INFO  guestbook.nrepl - starting nREPL server on port 7000 
2022-12-04 15:50:13,052 [main] INFO  guestbook.core - #'guestbook.db.core/*db* started 
2022-12-04 15:50:13,052 [main] INFO  guestbook.core - #'guestbook.handler/init-app started 
2022-12-04 15:50:13,053 [main] INFO  guestbook.core - #'guestbook.handler/app-routes started 
2022-12-04 15:50:13,053 [main] INFO  guestbook.core - #'guestbook.core/http-server started 
2022-12-04 15:50:13,053 [main] INFO  guestbook.core - #'guestbook.core/repl-server started 
2022-12-04 16:33:57,005 [Thread-2] INFO  guestbook.nrepl - nREPL server stopped 
2022-12-04 16:33:57,010 [Thread-2] INFO  luminus.http-server - HTTP server stopped 
2022-12-04 16:33:57,011 [Thread-2] INFO  guestbook.env - 
-=[guestbook has shut down successfully]=- 
2022-12-04 16:33:57,016 [Thread-2] INFO  guestbook.core - #'guestbook.core/repl-server stopped 
2022-12-04 16:33:57,016 [Thread-2] INFO  guestbook.core - #'guestbook.core/http-server stopped 
2022-12-04 16:33:57,017 [Thread-2] INFO  guestbook.core - #'guestbook.handler/init-app stopped 
2022-12-04 16:33:57,017 [Thread-2] INFO  guestbook.core - #'guestbook.db.core/*db* stopped 
2022-12-04 16:35:51,891 [main] INFO  migratus.core - Starting migrations 
2022-12-04 16:35:51,900 [main] INFO  migratus.database - creating migration table 'schema_migrations' 
2022-12-04 16:35:51,925 [main] DEBUG migratus.migrations - Looking for migrations in #object[java.io.File 0x2d95879c /home/wa34gt/clj/guestbook-luminus/resources/migrations] 
2022-12-04 16:35:51,937 [main] INFO  migratus.core - Running up for [20221126145346 20221126153652] 
2022-12-04 16:35:51,938 [main] INFO  migratus.core - Up 20221126145346-guestbook 
2022-12-04 16:35:51,941 [main] INFO  migratus.database - Connection is  {:connection #object[org.h2.jdbc.JdbcConnection 0x3c8287bd conn1: url=jdbc:h2:./guestbook_test.db user=]} Config is {:store :database, :db {:connection-uri uri-censored}} 
2022-12-04 16:35:51,951 [main] DEBUG migratus.migration.sql - found 1 up migrations 
2022-12-04 16:35:51,959 [main] DEBUG migratus.database - marking 20221126145346 complete 
2022-12-04 16:35:51,965 [main] INFO  migratus.core - Up 20221126153652-add-users-table 
2022-12-04 16:35:51,966 [main] INFO  migratus.database - Connection is  {:connection #object[org.h2.jdbc.JdbcConnection 0x3c8287bd conn1: url=jdbc:h2:./guestbook_test.db user=]} Config is {:store :database, :db {:connection-uri uri-censored}} 
2022-12-04 16:35:51,967 [main] DEBUG migratus.migration.sql - found 1 up migrations 
2022-12-04 16:35:51,969 [main] DEBUG migratus.database - marking 20221126153652 complete 
2022-12-04 16:35:51,971 [main] INFO  migratus.core - Ending migrations 
2022-12-04 16:37:08,976 [main] INFO  migratus.core - Starting migrations 
2022-12-04 16:37:08,986 [main] INFO  migratus.database - creating migration table 'schema_migrations' 
2022-12-04 16:37:09,011 [main] DEBUG migratus.migrations - Looking for migrations in #object[java.io.File 0x71a91f03 /home/wa34gt/clj/guestbook-luminus/resources/migrations] 
2022-12-04 16:37:09,017 [main] INFO  migratus.core - Running up for [20221126145346 20221126153652] 
2022-12-04 16:37:09,017 [main] INFO  migratus.core - Up 20221126145346-guestbook 
2022-12-04 16:37:09,020 [main] INFO  migratus.database - Connection is  {:connection #object[org.h2.jdbc.JdbcConnection 0xb49378e conn1: url=jdbc:h2:./guestbook_test.db user=]} Config is {:store :database, :db {:connection-uri uri-censored}} 
2022-12-04 16:37:09,027 [main] DEBUG migratus.migration.sql - found 1 up migrations 
2022-12-04 16:37:09,030 [main] DEBUG migratus.database - marking 20221126145346 complete 
2022-12-04 16:37:09,034 [main] INFO  migratus.core - Up 20221126153652-add-users-table 
2022-12-04 16:37:09,034 [main] INFO  migratus.database - Connection is  {:connection #object[org.h2.jdbc.JdbcConnection 0xb49378e conn1: url=jdbc:h2:./guestbook_test.db user=]} Config is {:store :database, :db {:connection-uri uri-censored}} 
2022-12-04 16:37:09,039 [main] DEBUG migratus.migration.sql - found 1 up migrations 
2022-12-04 16:37:09,041 [main] DEBUG migratus.database - marking 20221126153652 complete 
2022-12-04 16:37:09,044 [main] INFO  migratus.core - Ending migrations 
2022-12-04 16:37:39,230 [main] INFO  migratus.core - Starting migrations 
2022-12-04 16:37:39,265 [main] DEBUG migratus.migrations - Looking for migrations in #object[java.io.File 0x5ec5f4ab /home/wa34gt/clj/guestbook-luminus/resources/migrations] 
2022-12-04 16:37:39,269 [main] INFO  migratus.core - Ending migrations 
2022-12-04 16:41:32,424 [main] INFO  migratus.core - Starting migrations 
2022-12-04 16:41:32,457 [main] DEBUG migratus.migrations - Looking for migrations in #object[java.io.File 0x3c8287bd /home/wa34gt/clj/guestbook-luminus/resources/migrations] 
2022-12-04 16:41:32,461 [main] INFO  migratus.core - Ending migrations 
2022-12-04 16:46:57,532 [main] INFO  migratus.core - Starting migrations 
2022-12-04 16:46:57,566 [main] DEBUG migratus.migrations - Looking for migrations in #object[java.io.File 0x3609ab79 /home/wa34gt/clj/guestbook-luminus/resources/migrations] 
2022-12-04 16:46:57,570 [main] INFO  migratus.core - Ending migrations 
2022-12-04 16:50:56,242 [main] INFO  migratus.core - Starting migrations 
2022-12-04 16:50:56,270 [main] DEBUG migratus.migrations - Looking for migrations in #object[java.io.File 0x3c8287bd /home/wa34gt/clj/guestbook-luminus/resources/migrations] 
2022-12-04 16:50:56,273 [main] INFO  migratus.core - Ending migrations 
2022-12-04 16:51:36,777 [main] INFO  migratus.core - Starting migrations 
2022-12-04 16:51:36,811 [main] DEBUG migratus.migrations - Looking for migrations in #object[java.io.File 0xb49378e /home/wa34gt/clj/guestbook-luminus/resources/migrations] 
2022-12-04 16:51:36,820 [main] INFO  migratus.core - Ending migrations 
2022-12-04 16:52:17,985 [main] INFO  migratus.core - Starting migrations 
2022-12-04 16:52:18,020 [main] DEBUG migratus.migrations - Looking for migrations in #object[java.io.File 0xb49378e /home/wa34gt/clj/guestbook-luminus/resources/migrations] 
2022-12-04 16:52:18,028 [main] INFO  migratus.core - Ending migrations 
2022-12-04 16:54:40,296 [main] INFO  migratus.core - Starting migrations 
2022-12-04 16:54:40,334 [main] DEBUG migratus.migrations - Looking for migrations in #object[java.io.File 0xb49378e /home/wa34gt/clj/guestbook-luminus/resources/migrations] 
2022-12-04 16:54:40,337 [main] INFO  migratus.core - Ending migrations 
2022-12-04 16:56:37,845 [main] INFO  migratus.core - Starting migrations 
2022-12-04 16:56:37,876 [main] DEBUG migratus.migrations - Looking for migrations in #object[java.io.File 0x754df305 /home/wa34gt/clj/guestbook-luminus/resources/migrations] 
2022-12-04 16:56:37,880 [main] INFO  migratus.core - Ending migrations 
2022-12-04 16:57:14,586 [main] INFO  migratus.core - Starting migrations 
2022-12-04 16:57:14,630 [main] DEBUG migratus.migrations - Looking for migrations in #object[java.io.File 0x3c8287bd /home/wa34gt/clj/guestbook-luminus/resources/migrations] 
2022-12-04 16:57:14,634 [main] INFO  migratus.core - Ending migrations 
2022-12-04 17:00:51,887 [main] INFO  migratus.core - Starting migrations 
2022-12-04 17:00:51,938 [main] DEBUG migratus.migrations - Looking for migrations in #object[java.io.File 0x5ec5f4ab /home/wa34gt/clj/guestbook-luminus/resources/migrations] 
2022-12-04 17:00:51,945 [main] INFO  migratus.core - Ending migrations 
2022-12-04 17:02:08,027 [main] INFO  migratus.core - Starting migrations 
2022-12-04 17:02:08,071 [main] DEBUG migratus.migrations - Looking for migrations in #object[java.io.File 0x5ec5f4ab /home/wa34gt/clj/guestbook-luminus/resources/migrations] 
2022-12-04 17:02:08,074 [main] INFO  migratus.core - Ending migrations 
2022-12-04 17:03:09,947 [main] INFO  migratus.core - Starting migrations 
2022-12-04 17:03:09,985 [main] DEBUG migratus.migrations - Looking for migrations in #object[java.io.File 0x339ae5bb /home/wa34gt/clj/guestbook-luminus/resources/migrations] 
2022-12-04 17:03:09,992 [main] INFO  migratus.core - Ending migrations 
2022-12-04 17:03:35,040 [main] INFO  migratus.core - Starting migrations 
2022-12-04 17:03:35,092 [main] DEBUG migratus.migrations - Looking for migrations in #object[java.io.File 0x339ae5bb /home/wa34gt/clj/guestbook-luminus/resources/migrations] 
2022-12-04 17:03:35,095 [main] INFO  migratus.core - Ending migrations 
2022-12-04 17:15:24,619 [main] INFO  guestbook.env - 
-=[guestbook started successfully using the development profile]=- 
2022-12-04 17:15:24,933 [main] INFO  luminus.http-server - starting HTTP server on port 3000 
2022-12-04 17:15:24,941 [main] INFO  guestbook.nrepl - starting nREPL server on port 7000 
2022-12-04 17:15:24,952 [main] INFO  guestbook.core - #'guestbook.db.core/*db* started 
2022-12-04 17:15:24,952 [main] INFO  guestbook.core - #'guestbook.handler/init-app started 
2022-12-04 17:15:24,952 [main] INFO  guestbook.core - #'guestbook.handler/app-routes started 
2022-12-04 17:15:24,952 [main] INFO  guestbook.core - #'guestbook.core/http-server started 
2022-12-04 17:15:24,953 [main] INFO  guestbook.core - #'guestbook.core/repl-server started 
2022-12-04 17:15:31,565 [Thread-2] INFO  guestbook.nrepl - nREPL server stopped 
2022-12-04 17:15:31,568 [Thread-2] INFO  luminus.http-server - HTTP server stopped 
2022-12-04 17:15:31,569 [Thread-2] INFO  guestbook.env - 
-=[guestbook has shut down successfully]=- 
2022-12-04 17:15:31,574 [Thread-2] INFO  guestbook.core - #'guestbook.core/repl-server stopped 
2022-12-04 17:15:31,575 [Thread-2] INFO  guestbook.core - #'guestbook.core/http-server stopped 
2022-12-04 17:15:31,575 [Thread-2] INFO  guestbook.core - #'guestbook.handler/init-app stopped 
2022-12-04 17:15:31,575 [Thread-2] INFO  guestbook.core - #'guestbook.db.core/*db* stopped 
2022-12-04 17:16:00,210 [nREPL-session-eb550ec2-3391-4cce-9aec-f8c069481d3c] INFO  guestbook.env - 
-=[guestbook started successfully using the development profile]=- 
2022-12-04 17:16:00,503 [nREPL-session-eb550ec2-3391-4cce-9aec-f8c069481d3c] INFO  luminus.http-server - starting HTTP server on port 3000 
2022-12-04 17:16:02,558 [nREPL-session-eb550ec2-3391-4cce-9aec-f8c069481d3c] INFO  migratus.core - Starting migrations 
2022-12-04 17:16:02,593 [nREPL-session-eb550ec2-3391-4cce-9aec-f8c069481d3c] DEBUG migratus.migrations - Looking for migrations in #object[java.io.File 0x12c88358 /home/wa34gt/clj/guestbook-luminus/resources/migrations] 
2022-12-04 17:16:02,596 [nREPL-session-eb550ec2-3391-4cce-9aec-f8c069481d3c] INFO  migratus.core - Ending migrations 
2022-12-04 17:16:16,813 [main] INFO  guestbook.env - 
-=[guestbook started successfully using the development profile]=- 
2022-12-04 17:16:17,143 [main] INFO  luminus.http-server - starting HTTP server on port 3000 
2022-12-04 17:16:17,150 [main] INFO  guestbook.nrepl - starting nREPL server on port 7000 
2022-12-04 17:16:17,161 [main] INFO  guestbook.core - #'guestbook.db.core/*db* started 
2022-12-04 17:16:17,161 [main] INFO  guestbook.core - #'guestbook.handler/init-app started 
2022-12-04 17:16:17,161 [main] INFO  guestbook.core - #'guestbook.handler/app-routes started 
2022-12-04 17:16:17,161 [main] INFO  guestbook.core - #'guestbook.core/http-server started 
2022-12-04 17:16:17,161 [main] INFO  guestbook.core - #'guestbook.core/repl-server started 
2022-12-04 17:30:11,756 [Thread-2] INFO  guestbook.nrepl - nREPL server stopped 
2022-12-04 17:30:11,759 [Thread-2] INFO  luminus.http-server - HTTP server stopped 
2022-12-04 17:30:11,760 [Thread-2] INFO  guestbook.env - 
-=[guestbook has shut down successfully]=- 
2022-12-04 17:30:11,762 [Thread-2] INFO  guestbook.core - #'guestbook.core/repl-server stopped 
2022-12-04 17:30:11,763 [Thread-2] INFO  guestbook.core - #'guestbook.core/http-server stopped 
2022-12-04 17:30:11,763 [Thread-2] INFO  guestbook.core - #'guestbook.handler/init-app stopped 
2022-12-04 17:30:11,763 [Thread-2] INFO  guestbook.core - #'guestbook.db.core/*db* stopped 
2022-12-04 22:11:16,732 [main] INFO  guestbook.env - 
-=[guestbook started successfully using the development profile]=- 
2022-12-04 22:11:17,058 [main] INFO  luminus.http-server - starting HTTP server on port 3000 
2022-12-04 22:11:17,065 [main] INFO  guestbook.nrepl - starting nREPL server on port 7000 
2022-12-04 22:11:17,077 [main] INFO  guestbook.core - #'guestbook.db.core/*db* started 
2022-12-04 22:11:17,077 [main] INFO  guestbook.core - #'guestbook.handler/init-app started 
2022-12-04 22:11:17,078 [main] INFO  guestbook.core - #'guestbook.handler/app-routes started 
2022-12-04 22:11:17,078 [main] INFO  guestbook.core - #'guestbook.core/http-server started 
2022-12-04 22:11:17,078 [main] INFO  guestbook.core - #'guestbook.core/repl-server started 
2022-12-04 22:21:52,774 [Thread-2] INFO  guestbook.nrepl - nREPL server stopped 
2022-12-04 22:21:52,777 [Thread-2] INFO  luminus.http-server - HTTP server stopped 
2022-12-04 22:21:52,777 [Thread-2] INFO  guestbook.env - 
-=[guestbook has shut down successfully]=- 
2022-12-04 22:21:52,780 [Thread-2] INFO  guestbook.core - #'guestbook.core/repl-server stopped 
2022-12-04 22:21:52,781 [Thread-2] INFO  guestbook.core - #'guestbook.core/http-server stopped 
2022-12-04 22:21:52,781 [Thread-2] INFO  guestbook.core - #'guestbook.handler/init-app stopped 
2022-12-04 22:21:52,781 [Thread-2] INFO  guestbook.core - #'guestbook.db.core/*db* stopped 
2022-12-04 22:22:04,577 [main] INFO  guestbook.env - 
-=[guestbook started successfully using the development profile]=- 
2022-12-04 22:22:04,908 [main] INFO  luminus.http-server - starting HTTP server on port 3000 
2022-12-04 22:22:04,915 [main] INFO  guestbook.nrepl - starting nREPL server on port 7000 
2022-12-04 22:22:04,927 [main] INFO  guestbook.core - #'guestbook.db.core/*db* started 
2022-12-04 22:22:04,927 [main] INFO  guestbook.core - #'guestbook.handler/init-app started 
2022-12-04 22:22:04,928 [main] INFO  guestbook.core - #'guestbook.handler/app-routes started 
2022-12-04 22:22:04,928 [main] INFO  guestbook.core - #'guestbook.core/http-server started 
2022-12-04 22:22:04,928 [main] INFO  guestbook.core - #'guestbook.core/repl-server started 
2022-12-04 22:24:02,197 [Thread-2] INFO  guestbook.nrepl - nREPL server stopped 
2022-12-04 22:24:02,200 [Thread-2] INFO  luminus.http-server - HTTP server stopped 
2022-12-04 22:24:02,201 [Thread-2] INFO  guestbook.env - 
-=[guestbook has shut down successfully]=- 
2022-12-04 22:24:02,204 [Thread-2] INFO  guestbook.core - #'guestbook.core/repl-server stopped 
2022-12-04 22:24:02,204 [Thread-2] INFO  guestbook.core - #'guestbook.core/http-server stopped 
2022-12-04 22:24:02,204 [Thread-2] INFO  guestbook.core - #'guestbook.handler/init-app stopped 
2022-12-04 22:24:02,204 [Thread-2] INFO  guestbook.core - #'guestbook.db.core/*db* stopped 
2022-12-04 22:24:42,355 [nREPL-session-4b658e7d-0f05-4437-a3bb-77505a64f899] INFO  guestbook.env - 
-=[guestbook started successfully using the development profile]=- 
2022-12-04 22:24:42,650 [nREPL-session-4b658e7d-0f05-4437-a3bb-77505a64f899] INFO  luminus.http-server - starting HTTP server on port 3000 
2022-12-04 22:24:48,831 [nREPL-session-4b658e7d-0f05-4437-a3bb-77505a64f899] INFO  migratus.core - Starting migrations 
2022-12-04 22:24:48,837 [nREPL-session-4b658e7d-0f05-4437-a3bb-77505a64f899] INFO  migratus.database - creating migration table 'schema_migrations' 
2022-12-04 22:24:48,853 [nREPL-session-4b658e7d-0f05-4437-a3bb-77505a64f899] DEBUG migratus.migrations - Looking for migrations in #object[java.io.File 0x42b4201a /home/wa34gt/clj/guestbook-luminus/resources/migrations] 
2022-12-04 22:24:48,855 [nREPL-session-4b658e7d-0f05-4437-a3bb-77505a64f899] INFO  migratus.core - Running up for [20221126145346 20221126153652] 
2022-12-04 22:24:48,856 [nREPL-session-4b658e7d-0f05-4437-a3bb-77505a64f899] INFO  migratus.core - Up 20221126145346-guestbook 
2022-12-04 22:24:48,856 [nREPL-session-4b658e7d-0f05-4437-a3bb-77505a64f899] INFO  migratus.database - Connection is  {:connection #object[org.h2.jdbc.JdbcConnection 0x3aaa8893 conn10: url=jdbc:h2:./guestbook_dev.db user=]} Config is {:store :database, :db {:connection-uri uri-censored}} 
2022-12-04 22:24:48,866 [nREPL-session-4b658e7d-0f05-4437-a3bb-77505a64f899] DEBUG migratus.migration.sql - found 1 up migrations 
2022-12-04 22:24:48,870 [nREPL-session-4b658e7d-0f05-4437-a3bb-77505a64f899] DEBUG migratus.database - marking 20221126145346 complete 
2022-12-04 22:24:48,872 [nREPL-session-4b658e7d-0f05-4437-a3bb-77505a64f899] INFO  migratus.core - Up 20221126153652-add-users-table 
2022-12-04 22:24:48,872 [nREPL-session-4b658e7d-0f05-4437-a3bb-77505a64f899] INFO  migratus.database - Connection is  {:connection #object[org.h2.jdbc.JdbcConnection 0x3aaa8893 conn10: url=jdbc:h2:./guestbook_dev.db user=]} Config is {:store :database, :db {:connection-uri uri-censored}} 
2022-12-04 22:24:48,873 [nREPL-session-4b658e7d-0f05-4437-a3bb-77505a64f899] DEBUG migratus.migration.sql - found 1 up migrations 
2022-12-04 22:24:48,875 [nREPL-session-4b658e7d-0f05-4437-a3bb-77505a64f899] DEBUG migratus.database - marking 20221126153652 complete 
2022-12-04 22:24:48,876 [nREPL-session-4b658e7d-0f05-4437-a3bb-77505a64f899] INFO  migratus.core - Ending migrations 
2022-12-04 22:29:41,976 [nREPL-session-27a2a29c-7760-4cfd-8d3b-33ff3e95f9ed] INFO  guestbook.env - 
-=[guestbook started successfully using the development profile]=- 
2022-12-04 22:29:42,258 [nREPL-session-27a2a29c-7760-4cfd-8d3b-33ff3e95f9ed] INFO  luminus.http-server - starting HTTP server on port 3000 
2022-12-04 22:32:21,546 [main] INFO  guestbook.env - 
-=[guestbook started successfully using the development profile]=- 
2022-12-04 22:32:21,875 [main] INFO  luminus.http-server - starting HTTP server on port 3000 
2022-12-04 22:32:21,882 [main] INFO  guestbook.nrepl - starting nREPL server on port 7000 
2022-12-04 22:32:21,893 [main] INFO  guestbook.core - #'guestbook.db.core/*db* started 
2022-12-04 22:32:21,893 [main] INFO  guestbook.core - #'guestbook.handler/init-app started 
2022-12-04 22:32:21,893 [main] INFO  guestbook.core - #'guestbook.handler/app-routes started 
2022-12-04 22:32:21,893 [main] INFO  guestbook.core - #'guestbook.core/http-server started 
2022-12-04 22:32:21,893 [main] INFO  guestbook.core - #'guestbook.core/repl-server started 
2022-12-04 22:36:40,862 [Thread-2] INFO  guestbook.nrepl - nREPL server stopped 
2022-12-04 22:36:40,865 [Thread-2] INFO  luminus.http-server - HTTP server stopped 
2022-12-04 22:36:40,865 [Thread-2] INFO  guestbook.env - 
-=[guestbook has shut down successfully]=- 
2022-12-04 22:36:40,868 [Thread-2] INFO  guestbook.core - #'guestbook.core/repl-server stopped 
2022-12-04 22:36:40,869 [Thread-2] INFO  guestbook.core - #'guestbook.core/http-server stopped 
2022-12-04 22:36:40,869 [Thread-2] INFO  guestbook.core - #'guestbook.handler/init-app stopped 
2022-12-04 22:36:40,869 [Thread-2] INFO  guestbook.core - #'guestbook.db.core/*db* stopped 
2022-12-04 23:04:30,506 [main] INFO  guestbook.env - 
-=[guestbook started successfully using the development profile]=- 
2022-12-04 23:04:30,838 [main] INFO  luminus.http-server - starting HTTP server on port 3000 
2022-12-04 23:04:30,844 [main] INFO  guestbook.nrepl - starting nREPL server on port 7000 
2022-12-04 23:04:30,855 [main] INFO  guestbook.core - #'guestbook.db.core/*db* started 
2022-12-04 23:04:30,855 [main] INFO  guestbook.core - #'guestbook.handler/init-app started 
2022-12-04 23:04:30,855 [main] INFO  guestbook.core - #'guestbook.handler/app-routes started 
2022-12-04 23:04:30,855 [main] INFO  guestbook.core - #'guestbook.core/http-server started 
2022-12-04 23:04:30,855 [main] INFO  guestbook.core - #'guestbook.core/repl-server started 
