2022-12-05 09:19:06,708 [Thread-2] INFO  guestbook.nrepl - nREPL server stopped 
2022-12-05 09:19:06,719 [Thread-2] INFO  luminus.http-server - HTTP server stopped 
2022-12-05 09:19:06,720 [Thread-2] INFO  guestbook.env - 
-=[guestbook has shut down successfully]=- 
2022-12-05 09:19:06,726 [Thread-2] INFO  guestbook.core - #'guestbook.core/repl-server stopped 
2022-12-05 09:19:06,727 [Thread-2] INFO  guestbook.core - #'guestbook.core/http-server stopped 
2022-12-05 09:19:06,727 [Thread-2] INFO  guestbook.core - #'guestbook.handler/init-app stopped 
2022-12-05 09:19:06,727 [Thread-2] INFO  guestbook.core - #'guestbook.db.core/*db* stopped 
2022-12-05 20:27:14,439 [main] INFO  guestbook.env - 
-=[guestbook started successfully using the development profile]=- 
2022-12-05 20:27:14,788 [main] INFO  luminus.http-server - starting HTTP server on port 3000 
2022-12-05 20:27:14,794 [main] INFO  guestbook.nrepl - starting nREPL server on port 7000 
2022-12-05 20:27:14,805 [main] INFO  guestbook.core - #'guestbook.db.core/*db* started 
2022-12-05 20:27:14,806 [main] INFO  guestbook.core - #'guestbook.handler/init-app started 
2022-12-05 20:27:14,806 [main] INFO  guestbook.core - #'guestbook.handler/app-routes started 
2022-12-05 20:27:14,806 [main] INFO  guestbook.core - #'guestbook.core/http-server started 
2022-12-05 20:27:14,806 [main] INFO  guestbook.core - #'guestbook.core/repl-server started 
2022-12-05 20:53:04,442 [worker-4] INFO  guestbook.env - 
-=[guestbook has shut down successfully]=- 
2022-12-05 20:53:04,443 [worker-4] INFO  guestbook.env - 
-=[guestbook started successfully using the development profile]=- 
2022-12-05 21:05:32,842 [Thread-2] INFO  guestbook.nrepl - nREPL server stopped 
2022-12-05 21:05:32,845 [Thread-2] INFO  luminus.http-server - HTTP server stopped 
2022-12-05 21:05:32,845 [Thread-2] INFO  guestbook.env - 
-=[guestbook has shut down successfully]=- 
2022-12-05 21:05:32,848 [Thread-2] INFO  guestbook.core - #'guestbook.core/repl-server stopped 
2022-12-05 21:05:32,849 [Thread-2] INFO  guestbook.core - #'guestbook.core/http-server stopped 
2022-12-05 21:05:32,849 [Thread-2] INFO  guestbook.core - #'guestbook.handler/init-app stopped 
2022-12-05 21:05:32,849 [Thread-2] INFO  guestbook.core - #'guestbook.db.core/*db* stopped 
2022-12-05 21:05:45,223 [main] INFO  guestbook.env - 
-=[guestbook started successfully using the development profile]=- 
2022-12-05 21:05:45,552 [main] INFO  luminus.http-server - starting HTTP server on port 3000 
2022-12-05 21:05:45,561 [main] INFO  guestbook.nrepl - starting nREPL server on port 7000 
2022-12-05 21:05:45,573 [main] INFO  guestbook.core - #'guestbook.db.core/*db* started 
2022-12-05 21:05:45,573 [main] INFO  guestbook.core - #'guestbook.handler/init-app started 
2022-12-05 21:05:45,574 [main] INFO  guestbook.core - #'guestbook.handler/app-routes started 
2022-12-05 21:05:45,574 [main] INFO  guestbook.core - #'guestbook.core/http-server started 
2022-12-05 21:05:45,574 [main] INFO  guestbook.core - #'guestbook.core/repl-server started 
2022-12-05 21:09:24,036 [Thread-2] INFO  guestbook.nrepl - nREPL server stopped 
2022-12-05 21:09:24,044 [Thread-2] INFO  luminus.http-server - HTTP server stopped 
2022-12-05 21:09:24,045 [Thread-2] INFO  guestbook.env - 
-=[guestbook has shut down successfully]=- 
2022-12-05 21:09:24,052 [Thread-2] INFO  guestbook.core - #'guestbook.core/repl-server stopped 
2022-12-05 21:09:24,052 [Thread-2] INFO  guestbook.core - #'guestbook.core/http-server stopped 
2022-12-05 21:09:24,053 [Thread-2] INFO  guestbook.core - #'guestbook.handler/init-app stopped 
2022-12-05 21:09:24,053 [Thread-2] INFO  guestbook.core - #'guestbook.db.core/*db* stopped 
2022-12-05 21:10:29,793 [main] INFO  guestbook.env - 
-=[guestbook started successfully using the development profile]=- 
2022-12-05 21:10:30,109 [main] INFO  luminus.http-server - starting HTTP server on port 3000 
2022-12-05 21:10:30,116 [main] INFO  guestbook.nrepl - starting nREPL server on port 7000 
2022-12-05 21:10:30,128 [main] INFO  guestbook.core - #'guestbook.db.core/*db* started 
2022-12-05 21:10:30,129 [main] INFO  guestbook.core - #'guestbook.handler/init-app started 
2022-12-05 21:10:30,129 [main] INFO  guestbook.core - #'guestbook.handler/app-routes started 
2022-12-05 21:10:30,129 [main] INFO  guestbook.core - #'guestbook.core/http-server started 
2022-12-05 21:10:30,129 [main] INFO  guestbook.core - #'guestbook.core/repl-server started 
2022-12-05 21:43:59,446 [Thread-2] INFO  guestbook.nrepl - nREPL server stopped 
2022-12-05 21:43:59,453 [Thread-2] INFO  luminus.http-server - HTTP server stopped 
2022-12-05 21:43:59,454 [Thread-2] INFO  guestbook.env - 
-=[guestbook has shut down successfully]=- 
2022-12-05 21:43:59,460 [Thread-2] INFO  guestbook.core - #'guestbook.core/repl-server stopped 
2022-12-05 21:43:59,460 [Thread-2] INFO  guestbook.core - #'guestbook.core/http-server stopped 
2022-12-05 21:43:59,460 [Thread-2] INFO  guestbook.core - #'guestbook.handler/init-app stopped 
2022-12-05 21:43:59,461 [Thread-2] INFO  guestbook.core - #'guestbook.db.core/*db* stopped 
2022-12-05 21:48:03,452 [nREPL-session-e4c1de61-d46e-453d-a9d5-a0f0a062a4b6] INFO  guestbook.env - 
-=[guestbook started successfully using the development profile]=- 
2022-12-05 21:48:03,738 [nREPL-session-e4c1de61-d46e-453d-a9d5-a0f0a062a4b6] INFO  luminus.http-server - starting HTTP server on port 3000 
2022-12-05 21:49:28,473 [nREPL-session-e4c1de61-d46e-453d-a9d5-a0f0a062a4b6] INFO  luminus.http-server - HTTP server stopped 
2022-12-05 21:49:28,474 [nREPL-session-e4c1de61-d46e-453d-a9d5-a0f0a062a4b6] INFO  guestbook.env - 
-=[guestbook has shut down successfully]=- 
2022-12-05 21:49:28,509 [nREPL-session-e4c1de61-d46e-453d-a9d5-a0f0a062a4b6] INFO  guestbook.env - 
-=[guestbook started successfully using the development profile]=- 
2022-12-05 21:49:28,590 [nREPL-session-e4c1de61-d46e-453d-a9d5-a0f0a062a4b6] INFO  luminus.http-server - starting HTTP server on port 3000 
2022-12-05 21:52:16,009 [worker-1] INFO  guestbook.env - 
-=[guestbook has shut down successfully]=- 
2022-12-05 21:52:16,010 [worker-1] INFO  guestbook.env - 
-=[guestbook started successfully using the development profile]=- 
2022-12-05 21:53:49,392 [worker-1] INFO  guestbook.env - 
-=[guestbook has shut down successfully]=- 
2022-12-05 21:53:49,393 [worker-1] INFO  guestbook.env - 
-=[guestbook started successfully using the development profile]=- 
2022-12-05 21:54:06,928 [worker-2] INFO  guestbook.env - 
-=[guestbook has shut down successfully]=- 
2022-12-05 21:54:06,929 [worker-2] INFO  guestbook.env - 
-=[guestbook started successfully using the development profile]=- 
2022-12-05 21:54:42,382 [worker-3] INFO  guestbook.env - 
-=[guestbook has shut down successfully]=- 
2022-12-05 21:54:42,383 [worker-3] INFO  guestbook.env - 
-=[guestbook started successfully using the development profile]=- 
2022-12-05 21:54:55,672 [worker-4] INFO  guestbook.env - 
-=[guestbook has shut down successfully]=- 
2022-12-05 21:54:55,673 [worker-4] INFO  guestbook.env - 
-=[guestbook started successfully using the development profile]=- 
2022-12-05 21:55:03,687 [worker-1] INFO  guestbook.env - 
-=[guestbook has shut down successfully]=- 
2022-12-05 21:55:03,688 [worker-1] INFO  guestbook.env - 
-=[guestbook started successfully using the development profile]=- 
2022-12-05 22:33:05,550 [nREPL-session-e4c1de61-d46e-453d-a9d5-a0f0a062a4b6] INFO  luminus.http-server - HTTP server stopped 
2022-12-05 22:33:05,550 [nREPL-session-e4c1de61-d46e-453d-a9d5-a0f0a062a4b6] INFO  guestbook.env - 
-=[guestbook has shut down successfully]=- 
2022-12-05 22:33:05,576 [nREPL-session-e4c1de61-d46e-453d-a9d5-a0f0a062a4b6] INFO  guestbook.env - 
-=[guestbook started successfully using the development profile]=- 
2022-12-05 22:33:05,620 [nREPL-session-e4c1de61-d46e-453d-a9d5-a0f0a062a4b6] INFO  luminus.http-server - starting HTTP server on port 3000 
2022-12-05 22:36:06,007 [nREPL-session-e4c1de61-d46e-453d-a9d5-a0f0a062a4b6] INFO  luminus.http-server - HTTP server stopped 
2022-12-05 22:36:06,008 [nREPL-session-e4c1de61-d46e-453d-a9d5-a0f0a062a4b6] INFO  guestbook.env - 
-=[guestbook has shut down successfully]=- 
2022-12-05 22:36:06,026 [nREPL-session-e4c1de61-d46e-453d-a9d5-a0f0a062a4b6] INFO  guestbook.env - 
-=[guestbook started successfully using the development profile]=- 
2022-12-05 22:36:06,074 [nREPL-session-e4c1de61-d46e-453d-a9d5-a0f0a062a4b6] INFO  luminus.http-server - starting HTTP server on port 3000 
2022-12-05 22:39:32,535 [nREPL-session-e4c1de61-d46e-453d-a9d5-a0f0a062a4b6] INFO  luminus.http-server - HTTP server stopped 
2022-12-05 22:39:32,536 [nREPL-session-e4c1de61-d46e-453d-a9d5-a0f0a062a4b6] INFO  guestbook.env - 
-=[guestbook has shut down successfully]=- 
2022-12-05 22:39:32,569 [nREPL-session-e4c1de61-d46e-453d-a9d5-a0f0a062a4b6] INFO  guestbook.env - 
-=[guestbook started successfully using the development profile]=- 
2022-12-05 22:39:32,613 [nREPL-session-e4c1de61-d46e-453d-a9d5-a0f0a062a4b6] INFO  luminus.http-server - starting HTTP server on port 3000 
2022-12-05 22:39:38,534 [nREPL-session-e4c1de61-d46e-453d-a9d5-a0f0a062a4b6] INFO  luminus.http-server - HTTP server stopped 
2022-12-05 22:39:38,534 [nREPL-session-e4c1de61-d46e-453d-a9d5-a0f0a062a4b6] INFO  guestbook.env - 
-=[guestbook has shut down successfully]=- 
2022-12-05 22:39:44,707 [nREPL-session-e4c1de61-d46e-453d-a9d5-a0f0a062a4b6] INFO  guestbook.env - 
-=[guestbook started successfully using the development profile]=- 
2022-12-05 22:39:44,760 [nREPL-session-e4c1de61-d46e-453d-a9d5-a0f0a062a4b6] INFO  luminus.http-server - starting HTTP server on port 3000 
2022-12-05 22:43:44,992 [nREPL-session-ec1ecac9-507b-485d-b615-b64265b8f024] INFO  guestbook.env - 
-=[guestbook started successfully using the development profile]=- 
2022-12-05 22:43:45,314 [nREPL-session-ec1ecac9-507b-485d-b615-b64265b8f024] INFO  luminus.http-server - starting HTTP server on port 3000 
2022-12-05 22:44:43,802 [nREPL-session-156cb8a2-60ac-4727-b7fe-3106eee5bcb9] INFO  guestbook.env - 
-=[guestbook started successfully using the development profile]=- 
2022-12-05 22:44:44,075 [nREPL-session-156cb8a2-60ac-4727-b7fe-3106eee5bcb9] INFO  luminus.http-server - starting HTTP server on port 3000 
2022-12-05 22:45:03,698 [nREPL-session-156cb8a2-60ac-4727-b7fe-3106eee5bcb9] INFO  luminus.http-server - HTTP server stopped 
2022-12-05 22:45:03,698 [nREPL-session-156cb8a2-60ac-4727-b7fe-3106eee5bcb9] INFO  guestbook.env - 
-=[guestbook has shut down successfully]=- 
2022-12-05 22:45:03,735 [nREPL-session-156cb8a2-60ac-4727-b7fe-3106eee5bcb9] INFO  guestbook.env - 
-=[guestbook started successfully using the development profile]=- 
2022-12-05 22:45:03,839 [nREPL-session-156cb8a2-60ac-4727-b7fe-3106eee5bcb9] INFO  luminus.http-server - starting HTTP server on port 3000 
2022-12-05 22:48:42,455 [nREPL-session-156cb8a2-60ac-4727-b7fe-3106eee5bcb9] INFO  luminus.http-server - HTTP server stopped 
2022-12-05 22:48:42,456 [nREPL-session-156cb8a2-60ac-4727-b7fe-3106eee5bcb9] INFO  guestbook.env - 
-=[guestbook has shut down successfully]=- 
2022-12-05 22:48:42,492 [nREPL-session-156cb8a2-60ac-4727-b7fe-3106eee5bcb9] INFO  guestbook.env - 
-=[guestbook started successfully using the development profile]=- 
2022-12-05 22:48:42,577 [nREPL-session-156cb8a2-60ac-4727-b7fe-3106eee5bcb9] INFO  luminus.http-server - starting HTTP server on port 3000 
2022-12-05 22:51:08,141 [nREPL-session-156cb8a2-60ac-4727-b7fe-3106eee5bcb9] INFO  luminus.http-server - HTTP server stopped 
2022-12-05 22:51:08,142 [nREPL-session-156cb8a2-60ac-4727-b7fe-3106eee5bcb9] INFO  guestbook.env - 
-=[guestbook has shut down successfully]=- 
2022-12-05 22:51:08,166 [nREPL-session-156cb8a2-60ac-4727-b7fe-3106eee5bcb9] INFO  guestbook.env - 
-=[guestbook started successfully using the development profile]=- 
2022-12-05 22:51:08,247 [nREPL-session-156cb8a2-60ac-4727-b7fe-3106eee5bcb9] INFO  luminus.http-server - starting HTTP server on port 3000 
2022-12-05 22:53:34,177 [HikariPool-4 housekeeper] WARN  com.zaxxer.hikari.pool.HikariPool - HikariPool-4 - Thread starvation or clock leap detected (housekeeper delta=55s907ms912µs200ns). 
