2022-11-26 15:44:29,125 [nREPL-session-27559260-a147-4b5d-8ed4-b933876cc87e] INFO  guestbook.env - 
-=[guestbook started successfully using the development profile]=- 
2022-11-26 15:44:29,506 [nREPL-session-27559260-a147-4b5d-8ed4-b933876cc87e] INFO  luminus.http-server - starting HTTP server on port 3000 
2022-11-26 15:49:18,338 [nREPL-session-27559260-a147-4b5d-8ed4-b933876cc87e] INFO  luminus.http-server - HTTP server stopped 
2022-11-26 15:49:18,338 [nREPL-session-27559260-a147-4b5d-8ed4-b933876cc87e] INFO  guestbook.env - 
-=[guestbook has shut down successfully]=- 
2022-11-26 15:50:55,422 [nREPL-session-a9e7f1ca-f435-4959-a525-f168ce02a44d] INFO  guestbook.env - 
-=[guestbook started successfully using the development profile]=- 
2022-11-26 15:50:55,708 [nREPL-session-a9e7f1ca-f435-4959-a525-f168ce02a44d] INFO  luminus.http-server - starting HTTP server on port 3000 
2022-11-26 15:56:08,713 [nREPL-session-a9e7f1ca-f435-4959-a525-f168ce02a44d] INFO  migratus.core - Starting migrations 
2022-11-26 15:56:08,723 [nREPL-session-a9e7f1ca-f435-4959-a525-f168ce02a44d] INFO  migratus.database - creating migration table 'schema_migrations' 
2022-11-26 15:56:08,747 [nREPL-session-a9e7f1ca-f435-4959-a525-f168ce02a44d] DEBUG migratus.migrations - Looking for migrations in #object[java.io.File 0x1c4e84d7 /home/wa34gt/clj/guestbook-luminus/resources/migrations] 
2022-11-26 15:56:08,750 [nREPL-session-a9e7f1ca-f435-4959-a525-f168ce02a44d] INFO  migratus.core - Running up for [20221126145346 20221126153652] 
2022-11-26 15:56:08,750 [nREPL-session-a9e7f1ca-f435-4959-a525-f168ce02a44d] INFO  migratus.core - Up 20221126145346-guestbook 
2022-11-26 15:56:08,751 [nREPL-session-a9e7f1ca-f435-4959-a525-f168ce02a44d] INFO  migratus.database - Connection is  {:connection #object[org.h2.jdbc.JdbcConnection 0x4764fdb0 conn10: url=jdbc:h2:./guestbook_dev.db user=]} Config is {:store :database, :db {:connection-uri uri-censored}} 
2022-11-26 15:56:08,757 [nREPL-session-a9e7f1ca-f435-4959-a525-f168ce02a44d] DEBUG migratus.migration.sql - found 1 up migrations 
2022-11-26 15:56:08,764 [nREPL-session-a9e7f1ca-f435-4959-a525-f168ce02a44d] DEBUG migratus.database - marking 20221126145346 complete 
2022-11-26 15:56:08,768 [nREPL-session-a9e7f1ca-f435-4959-a525-f168ce02a44d] INFO  migratus.core - Up 20221126153652-add-users-table 
2022-11-26 15:56:08,768 [nREPL-session-a9e7f1ca-f435-4959-a525-f168ce02a44d] INFO  migratus.database - Connection is  {:connection #object[org.h2.jdbc.JdbcConnection 0x4764fdb0 conn10: url=jdbc:h2:./guestbook_dev.db user=]} Config is {:store :database, :db {:connection-uri uri-censored}} 
2022-11-26 15:56:08,769 [nREPL-session-a9e7f1ca-f435-4959-a525-f168ce02a44d] DEBUG migratus.migration.sql - found 1 up migrations 
2022-11-26 15:56:08,770 [nREPL-session-a9e7f1ca-f435-4959-a525-f168ce02a44d] DEBUG migratus.database - marking 20221126153652 complete 
2022-11-26 15:56:08,771 [nREPL-session-a9e7f1ca-f435-4959-a525-f168ce02a44d] INFO  migratus.core - Ending migrations 
2022-11-26 15:59:03,892 [nREPL-session-a9e7f1ca-f435-4959-a525-f168ce02a44d] INFO  luminus.http-server - HTTP server stopped 
2022-11-26 15:59:03,893 [nREPL-session-a9e7f1ca-f435-4959-a525-f168ce02a44d] INFO  guestbook.env - 
-=[guestbook has shut down successfully]=- 
2022-11-26 15:59:03,925 [nREPL-session-a9e7f1ca-f435-4959-a525-f168ce02a44d] INFO  guestbook.env - 
-=[guestbook started successfully using the development profile]=- 
2022-11-26 15:59:04,000 [nREPL-session-a9e7f1ca-f435-4959-a525-f168ce02a44d] INFO  luminus.http-server - starting HTTP server on port 3000 
2022-11-26 16:12:44,963 [nREPL-session-a9e7f1ca-f435-4959-a525-f168ce02a44d] INFO  luminus.http-server - HTTP server stopped 
2022-11-26 16:12:44,963 [nREPL-session-a9e7f1ca-f435-4959-a525-f168ce02a44d] INFO  guestbook.env - 
-=[guestbook has shut down successfully]=- 
2022-11-26 16:12:44,994 [nREPL-session-a9e7f1ca-f435-4959-a525-f168ce02a44d] INFO  guestbook.env - 
-=[guestbook started successfully using the development profile]=- 
2022-11-26 16:12:45,067 [nREPL-session-a9e7f1ca-f435-4959-a525-f168ce02a44d] INFO  luminus.http-server - starting HTTP server on port 3000 
2022-11-26 16:25:13,090 [nREPL-session-a9e7f1ca-f435-4959-a525-f168ce02a44d] INFO  luminus.http-server - HTTP server stopped 
2022-11-26 16:25:13,091 [nREPL-session-a9e7f1ca-f435-4959-a525-f168ce02a44d] INFO  guestbook.env - 
-=[guestbook has shut down successfully]=- 
2022-11-26 16:25:13,120 [nREPL-session-a9e7f1ca-f435-4959-a525-f168ce02a44d] INFO  guestbook.env - 
-=[guestbook started successfully using the development profile]=- 
2022-11-26 16:25:13,218 [nREPL-session-a9e7f1ca-f435-4959-a525-f168ce02a44d] INFO  luminus.http-server - starting HTTP server on port 3000 
2022-11-26 16:26:55,242 [nREPL-session-a9e7f1ca-f435-4959-a525-f168ce02a44d] INFO  luminus.http-server - HTTP server stopped 
2022-11-26 16:26:55,243 [nREPL-session-a9e7f1ca-f435-4959-a525-f168ce02a44d] INFO  guestbook.env - 
-=[guestbook has shut down successfully]=- 
2022-11-26 16:28:30,605 [nREPL-session-a9e7f1ca-f435-4959-a525-f168ce02a44d] INFO  guestbook.env - 
-=[guestbook started successfully using the development profile]=- 
2022-11-26 16:28:30,688 [nREPL-session-a9e7f1ca-f435-4959-a525-f168ce02a44d] INFO  luminus.http-server - starting HTTP server on port 3000 
2022-11-26 16:28:35,738 [nREPL-session-a9e7f1ca-f435-4959-a525-f168ce02a44d] INFO  migratus.core - Starting migrations 
2022-11-26 16:28:35,739 [nREPL-session-a9e7f1ca-f435-4959-a525-f168ce02a44d] INFO  migratus.database - creating migration table 'schema_migrations' 
2022-11-26 16:28:35,742 [nREPL-session-a9e7f1ca-f435-4959-a525-f168ce02a44d] DEBUG migratus.migrations - Looking for migrations in #object[java.io.File 0x6d9c44e0 /home/wa34gt/clj/guestbook-luminus/resources/migrations] 
2022-11-26 16:28:35,744 [nREPL-session-a9e7f1ca-f435-4959-a525-f168ce02a44d] INFO  migratus.core - Running up for [20221126145346 20221126153652] 
2022-11-26 16:28:35,744 [nREPL-session-a9e7f1ca-f435-4959-a525-f168ce02a44d] INFO  migratus.core - Up 20221126145346-guestbook 
2022-11-26 16:28:35,744 [nREPL-session-a9e7f1ca-f435-4959-a525-f168ce02a44d] INFO  migratus.database - Connection is  {:connection #object[org.h2.jdbc.JdbcConnection 0x36e4ea5f conn51: url=jdbc:h2:./guestbook_dev.db user=]} Config is {:store :database, :db {:connection-uri uri-censored}} 
2022-11-26 16:28:35,746 [nREPL-session-a9e7f1ca-f435-4959-a525-f168ce02a44d] DEBUG migratus.migration.sql - found 1 up migrations 
2022-11-26 16:28:35,747 [nREPL-session-a9e7f1ca-f435-4959-a525-f168ce02a44d] DEBUG migratus.database - marking 20221126145346 complete 
2022-11-26 16:28:35,749 [nREPL-session-a9e7f1ca-f435-4959-a525-f168ce02a44d] INFO  migratus.core - Up 20221126153652-add-users-table 
2022-11-26 16:28:35,749 [nREPL-session-a9e7f1ca-f435-4959-a525-f168ce02a44d] INFO  migratus.database - Connection is  {:connection #object[org.h2.jdbc.JdbcConnection 0x36e4ea5f conn51: url=jdbc:h2:./guestbook_dev.db user=]} Config is {:store :database, :db {:connection-uri uri-censored}} 
2022-11-26 16:28:35,750 [nREPL-session-a9e7f1ca-f435-4959-a525-f168ce02a44d] DEBUG migratus.migration.sql - found 1 up migrations 
2022-11-26 16:28:35,751 [nREPL-session-a9e7f1ca-f435-4959-a525-f168ce02a44d] DEBUG migratus.database - marking 20221126153652 complete 
2022-11-26 16:28:35,752 [nREPL-session-a9e7f1ca-f435-4959-a525-f168ce02a44d] INFO  migratus.core - Ending migrations 
2022-11-26 16:40:26,595 [nREPL-session-a9e7f1ca-f435-4959-a525-f168ce02a44d] INFO  luminus.http-server - HTTP server stopped 
2022-11-26 16:40:26,596 [nREPL-session-a9e7f1ca-f435-4959-a525-f168ce02a44d] INFO  guestbook.env - 
-=[guestbook has shut down successfully]=- 
2022-11-26 16:43:40,219 [nREPL-session-ad92b9b9-a0f5-4d1b-8af4-b1ab433231eb] ERROR com.zaxxer.hikari.pool.HikariPool - HikariPool-1 - Exception during pool initialization. 
org.h2.jdbc.JdbcSQLNonTransientConnectionException: Unsupported database file version or invalid file header in file "/home/wa34gt/clj/guestbook-luminus/guestbook_dev.db.mv.db" [90048-214]
	at org.h2.message.DbException.getJdbcSQLException(DbException.java:678)
	at org.h2.message.DbException.getJdbcSQLException(DbException.java:477)
	at org.h2.message.DbException.get(DbException.java:212)
	at org.h2.mvstore.db.Store.convertMVStoreException(Store.java:161)
	at org.h2.mvstore.db.Store.<init>(Store.java:145)
	at org.h2.engine.Database.<init>(Database.java:324)
	at org.h2.engine.Engine.openSession(Engine.java:92)
	at org.h2.engine.Engine.openSession(Engine.java:222)
	at org.h2.engine.Engine.createSession(Engine.java:201)
	at org.h2.engine.SessionRemote.connectEmbeddedOrServer(SessionRemote.java:338)
	at org.h2.jdbc.JdbcConnection.<init>(JdbcConnection.java:122)
	at org.h2.Driver.connect(Driver.java:59)
	at com.zaxxer.hikari.util.DriverDataSource.getConnection(DriverDataSource.java:121)
	at com.zaxxer.hikari.pool.PoolBase.newConnection(PoolBase.java:364)
	at com.zaxxer.hikari.pool.PoolBase.newPoolEntry(PoolBase.java:206)
	at com.zaxxer.hikari.pool.HikariPool.createPoolEntry(HikariPool.java:476)
	at com.zaxxer.hikari.pool.HikariPool.checkFailFast(HikariPool.java:561)
	at com.zaxxer.hikari.pool.HikariPool.<init>(HikariPool.java:115)
	at com.zaxxer.hikari.HikariDataSource.<init>(HikariDataSource.java:81)
	at hikari_cp.core$make_datasource.invokeStatic(core.clj:268)
	at hikari_cp.core$make_datasource.invoke(core.clj:265)
	at conman.core$connect_BANG_.invokeStatic(core.clj:159)
	at conman.core$connect_BANG_.invoke(core.clj:155)
	at guestbook.db.core$eval13892$fn__13893.invoke(core.clj:11)
	at mount.core$record_BANG_.invokeStatic(core.cljc:74)
	at mount.core$record_BANG_.invoke(core.cljc:73)
	at mount.core$up$fn__457.invoke(core.cljc:81)
	at mount.core$up.invokeStatic(core.cljc:80)
	at mount.core$up.invoke(core.cljc:78)
	at mount.core$bring.invokeStatic(core.cljc:247)
	at mount.core$bring.invoke(core.cljc:239)
	at mount.core$start.invokeStatic(core.cljc:289)
	at mount.core$start.doInvoke(core.cljc:281)
	at clojure.lang.RestFn.applyTo(RestFn.java:137)
	at clojure.core$apply.invokeStatic(core.clj:667)
	at clojure.core$apply.invoke(core.clj:662)
	at mount.core$start_without.invokeStatic(core.cljc:409)
	at mount.core$start_without.doInvoke(core.cljc:403)
	at clojure.lang.RestFn.invoke(RestFn.java:408)
	at user$start.invokeStatic(user.clj:22)
	at user$start.invoke(user.clj:18)
	at user$eval23320.invokeStatic(form-init10027242841998447021.clj:1)
	at user$eval23320.invoke(form-init10027242841998447021.clj:1)
	at clojure.lang.Compiler.eval(Compiler.java:7194)
	at clojure.lang.Compiler.eval(Compiler.java:7149)
	at clojure.core$eval.invokeStatic(core.clj:3215)
	at clojure.core$eval.invoke(core.clj:3211)
	at nrepl.middleware.interruptible_eval$evaluate$fn__16778$fn__16779.invoke(interruptible_eval.clj:87)
	at clojure.lang.AFn.applyToHelper(AFn.java:152)
	at clojure.lang.AFn.applyTo(AFn.java:144)
	at clojure.core$apply.invokeStatic(core.clj:667)
	at clojure.core$with_bindings_STAR_.invokeStatic(core.clj:1990)
	at clojure.core$with_bindings_STAR_.doInvoke(core.clj:1990)
	at clojure.lang.RestFn.invoke(RestFn.java:425)
	at nrepl.middleware.interruptible_eval$evaluate$fn__16778.invoke(interruptible_eval.clj:87)
	at clojure.main$repl$read_eval_print__9206$fn__9209.invoke(main.clj:437)
	at clojure.main$repl$read_eval_print__9206.invoke(main.clj:437)
	at clojure.main$repl$fn__9215.invoke(main.clj:458)
	at clojure.main$repl.invokeStatic(main.clj:458)
	at clojure.main$repl.doInvoke(main.clj:368)
	at clojure.lang.RestFn.invoke(RestFn.java:1523)
	at nrepl.middleware.interruptible_eval$evaluate.invokeStatic(interruptible_eval.clj:84)
	at nrepl.middleware.interruptible_eval$evaluate.invoke(interruptible_eval.clj:56)
	at nrepl.middleware.interruptible_eval$interruptible_eval$fn__16811$fn__16815.invoke(interruptible_eval.clj:152)
	at clojure.lang.AFn.run(AFn.java:22)
	at nrepl.middleware.session$session_exec$main_loop__16881$fn__16885.invoke(session.clj:218)
	at nrepl.middleware.session$session_exec$main_loop__16881.invoke(session.clj:217)
	at clojure.lang.AFn.run(AFn.java:22)
	at java.base/java.lang.Thread.run(Thread.java:833)
Caused by: org.h2.mvstore.MVStoreException: The write format 1 is smaller than the supported format 2 [2.1.214/5]
	at org.h2.mvstore.DataUtils.newMVStoreException(DataUtils.java:1004)
	at org.h2.mvstore.MVStore.getUnsupportedWriteFormatException(MVStore.java:1066)
	at org.h2.mvstore.MVStore.readStoreHeader(MVStore.java:886)
	at org.h2.mvstore.MVStore.<init>(MVStore.java:463)
	at org.h2.mvstore.MVStore$Builder.open(MVStore.java:4082)
	at org.h2.mvstore.db.Store.<init>(Store.java:136)
	... 64 common frames omitted
2022-11-26 16:44:22,310 [nREPL-session-ac3bdbc9-0f14-46f0-8942-7d0625356ef2] INFO  guestbook.env - 
-=[guestbook started successfully using the development profile]=- 
2022-11-26 16:44:22,572 [nREPL-session-ac3bdbc9-0f14-46f0-8942-7d0625356ef2] INFO  luminus.http-server - starting HTTP server on port 3000 
2022-11-26 16:44:27,732 [nREPL-session-ac3bdbc9-0f14-46f0-8942-7d0625356ef2] INFO  migratus.core - Starting migrations 
2022-11-26 16:44:27,744 [nREPL-session-ac3bdbc9-0f14-46f0-8942-7d0625356ef2] INFO  migratus.database - creating migration table 'schema_migrations' 
2022-11-26 16:44:27,775 [nREPL-session-ac3bdbc9-0f14-46f0-8942-7d0625356ef2] DEBUG migratus.migrations - Looking for migrations in #object[java.io.File 0x3adba7bd /home/wa34gt/clj/guestbook-luminus/resources/migrations] 
2022-11-26 16:44:27,778 [nREPL-session-ac3bdbc9-0f14-46f0-8942-7d0625356ef2] INFO  migratus.core - Running up for [20221126145346 20221126153652] 
2022-11-26 16:44:27,779 [nREPL-session-ac3bdbc9-0f14-46f0-8942-7d0625356ef2] INFO  migratus.core - Up 20221126145346-guestbook 
2022-11-26 16:44:27,780 [nREPL-session-ac3bdbc9-0f14-46f0-8942-7d0625356ef2] INFO  migratus.database - Connection is  {:connection #object[org.h2.jdbc.JdbcConnection 0x639cdae1 conn10: url=jdbc:h2:./guestbook_dev.db user=]} Config is {:store :database, :db {:connection-uri uri-censored}} 
2022-11-26 16:44:27,791 [nREPL-session-ac3bdbc9-0f14-46f0-8942-7d0625356ef2] DEBUG migratus.migration.sql - found 1 up migrations 
2022-11-26 16:44:27,797 [nREPL-session-ac3bdbc9-0f14-46f0-8942-7d0625356ef2] DEBUG migratus.database - marking 20221126145346 complete 
2022-11-26 16:44:27,803 [nREPL-session-ac3bdbc9-0f14-46f0-8942-7d0625356ef2] INFO  migratus.core - Up 20221126153652-add-users-table 
2022-11-26 16:44:27,803 [nREPL-session-ac3bdbc9-0f14-46f0-8942-7d0625356ef2] INFO  migratus.database - Connection is  {:connection #object[org.h2.jdbc.JdbcConnection 0x639cdae1 conn10: url=jdbc:h2:./guestbook_dev.db user=]} Config is {:store :database, :db {:connection-uri uri-censored}} 
2022-11-26 16:44:27,805 [nREPL-session-ac3bdbc9-0f14-46f0-8942-7d0625356ef2] DEBUG migratus.migration.sql - found 1 up migrations 
2022-11-26 16:44:27,807 [nREPL-session-ac3bdbc9-0f14-46f0-8942-7d0625356ef2] DEBUG migratus.database - marking 20221126153652 complete 
2022-11-26 16:44:27,809 [nREPL-session-ac3bdbc9-0f14-46f0-8942-7d0625356ef2] INFO  migratus.core - Ending migrations 
2022-11-26 16:44:37,765 [nREPL-session-ac3bdbc9-0f14-46f0-8942-7d0625356ef2] INFO  luminus.http-server - HTTP server stopped 
2022-11-26 16:44:37,766 [nREPL-session-ac3bdbc9-0f14-46f0-8942-7d0625356ef2] INFO  guestbook.env - 
-=[guestbook has shut down successfully]=- 
2022-11-26 16:49:59,601 [nREPL-session-ac3bdbc9-0f14-46f0-8942-7d0625356ef2] ERROR com.zaxxer.hikari.pool.HikariPool - HikariPool-2 - Exception during pool initialization. 
org.h2.jdbc.JdbcSQLNonTransientConnectionException: Database may be already in use: "/home/wa34gt/clj/guestbook-luminus/guestbook_dev.db.mv.db". Possible solutions: close all other connection(s); use the server mode [90020-214]
	at org.h2.message.DbException.getJdbcSQLException(DbException.java:678)
	at org.h2.message.DbException.getJdbcSQLException(DbException.java:477)
	at org.h2.message.DbException.get(DbException.java:212)
	at org.h2.mvstore.db.Store.convertMVStoreException(Store.java:168)
	at org.h2.mvstore.db.Store.<init>(Store.java:145)
	at org.h2.engine.Database.<init>(Database.java:324)
	at org.h2.engine.Engine.openSession(Engine.java:92)
	at org.h2.engine.Engine.openSession(Engine.java:222)
	at org.h2.engine.Engine.createSession(Engine.java:201)
	at org.h2.engine.SessionRemote.connectEmbeddedOrServer(SessionRemote.java:338)
	at org.h2.jdbc.JdbcConnection.<init>(JdbcConnection.java:122)
	at org.h2.Driver.connect(Driver.java:59)
	at com.zaxxer.hikari.util.DriverDataSource.getConnection(DriverDataSource.java:121)
	at com.zaxxer.hikari.pool.PoolBase.newConnection(PoolBase.java:364)
	at com.zaxxer.hikari.pool.PoolBase.newPoolEntry(PoolBase.java:206)
	at com.zaxxer.hikari.pool.HikariPool.createPoolEntry(HikariPool.java:476)
	at com.zaxxer.hikari.pool.HikariPool.checkFailFast(HikariPool.java:561)
	at com.zaxxer.hikari.pool.HikariPool.<init>(HikariPool.java:115)
	at com.zaxxer.hikari.HikariDataSource.<init>(HikariDataSource.java:81)
	at hikari_cp.core$make_datasource.invokeStatic(core.clj:268)
	at hikari_cp.core$make_datasource.invoke(core.clj:265)
	at conman.core$connect_BANG_.invokeStatic(core.clj:159)
	at conman.core$connect_BANG_.invoke(core.clj:155)
	at guestbook.db.core$eval13892$fn__13893.invoke(core.clj:11)
	at mount.core$record_BANG_.invokeStatic(core.cljc:74)
	at mount.core$record_BANG_.invoke(core.cljc:73)
	at mount.core$up$fn__457.invoke(core.cljc:81)
	at mount.core$up.invokeStatic(core.cljc:80)
	at mount.core$up.invoke(core.cljc:78)
	at mount.core$bring.invokeStatic(core.cljc:247)
	at mount.core$bring.invoke(core.cljc:239)
	at mount.core$start.invokeStatic(core.cljc:289)
	at mount.core$start.doInvoke(core.cljc:281)
	at clojure.lang.RestFn.applyTo(RestFn.java:137)
	at clojure.core$apply.invokeStatic(core.clj:667)
	at clojure.core$apply.invoke(core.clj:662)
	at mount.core$start_without.invokeStatic(core.cljc:409)
	at mount.core$start_without.doInvoke(core.cljc:403)
	at clojure.lang.RestFn.invoke(RestFn.java:408)
	at user$start.invokeStatic(user.clj:22)
	at user$start.invoke(user.clj:18)
	at user$eval23335.invokeStatic(form-init13356280447764736976.clj:1)
	at user$eval23335.invoke(form-init13356280447764736976.clj:1)
	at clojure.lang.Compiler.eval(Compiler.java:7194)
	at clojure.lang.Compiler.eval(Compiler.java:7149)
	at clojure.core$eval.invokeStatic(core.clj:3215)
	at clojure.core$eval.invoke(core.clj:3211)
	at nrepl.middleware.interruptible_eval$evaluate$fn__16778$fn__16779.invoke(interruptible_eval.clj:87)
	at clojure.lang.AFn.applyToHelper(AFn.java:152)
	at clojure.lang.AFn.applyTo(AFn.java:144)
	at clojure.core$apply.invokeStatic(core.clj:667)
	at clojure.core$with_bindings_STAR_.invokeStatic(core.clj:1990)
	at clojure.core$with_bindings_STAR_.doInvoke(core.clj:1990)
	at clojure.lang.RestFn.invoke(RestFn.java:425)
	at nrepl.middleware.interruptible_eval$evaluate$fn__16778.invoke(interruptible_eval.clj:87)
	at clojure.main$repl$read_eval_print__9206$fn__9209.invoke(main.clj:437)
	at clojure.main$repl$read_eval_print__9206.invoke(main.clj:437)
	at clojure.main$repl$fn__9215.invoke(main.clj:458)
	at clojure.main$repl.invokeStatic(main.clj:458)
	at clojure.main$repl.doInvoke(main.clj:368)
	at clojure.lang.RestFn.invoke(RestFn.java:1523)
	at nrepl.middleware.interruptible_eval$evaluate.invokeStatic(interruptible_eval.clj:84)
	at nrepl.middleware.interruptible_eval$evaluate.invoke(interruptible_eval.clj:56)
	at nrepl.middleware.interruptible_eval$interruptible_eval$fn__16811$fn__16815.invoke(interruptible_eval.clj:152)
	at clojure.lang.AFn.run(AFn.java:22)
	at nrepl.middleware.session$session_exec$main_loop__16881$fn__16885.invoke(session.clj:218)
	at nrepl.middleware.session$session_exec$main_loop__16881.invoke(session.clj:217)
	at clojure.lang.AFn.run(AFn.java:22)
	at java.base/java.lang.Thread.run(Thread.java:833)
Caused by: org.h2.mvstore.MVStoreException: The file is locked: /home/wa34gt/clj/guestbook-luminus/guestbook_dev.db.mv.db [2.1.214/7]
	at org.h2.mvstore.DataUtils.newMVStoreException(DataUtils.java:1004)
	at org.h2.mvstore.FileStore.open(FileStore.java:178)
	at org.h2.mvstore.FileStore.open(FileStore.java:128)
	at org.h2.mvstore.MVStore.<init>(MVStore.java:452)
	at org.h2.mvstore.MVStore$Builder.open(MVStore.java:4082)
	at org.h2.mvstore.db.Store.<init>(Store.java:136)
	... 64 common frames omitted
2022-11-26 16:50:35,790 [nREPL-session-ac3bdbc9-0f14-46f0-8942-7d0625356ef2] INFO  guestbook.env - 
-=[guestbook started successfully using the development profile]=- 
2022-11-26 16:50:35,900 [nREPL-session-ac3bdbc9-0f14-46f0-8942-7d0625356ef2] INFO  luminus.http-server - starting HTTP server on port 3000 
2022-11-26 16:58:41,663 [main] INFO  migratus.core - Starting migrations 
2022-11-26 16:58:41,676 [main] INFO  migratus.database - creating migration table 'schema_migrations' 
2022-11-26 16:58:41,708 [main] DEBUG migratus.migrations - Looking for migrations in #object[java.io.File 0x62ea92c2 /home/wa34gt/clj/guestbook-luminus/resources/migrations] 
2022-11-26 16:58:41,717 [main] INFO  migratus.core - Running up for [20221126145346 20221126153652] 
2022-11-26 16:58:41,718 [main] INFO  migratus.core - Up 20221126145346-guestbook 
2022-11-26 16:58:41,723 [main] INFO  migratus.database - Connection is  {:connection #object[org.h2.jdbc.JdbcConnection 0x1f001021 conn1: url=jdbc:h2:./guestbook_test.db user=]} Config is {:store :database, :db {:connection-uri uri-censored}} 
2022-11-26 16:58:41,739 [main] DEBUG migratus.migration.sql - found 1 up migrations 
2022-11-26 16:58:41,747 [main] DEBUG migratus.database - marking 20221126145346 complete 
2022-11-26 16:58:41,754 [main] INFO  migratus.core - Up 20221126153652-add-users-table 
2022-11-26 16:58:41,755 [main] INFO  migratus.database - Connection is  {:connection #object[org.h2.jdbc.JdbcConnection 0x1f001021 conn1: url=jdbc:h2:./guestbook_test.db user=]} Config is {:store :database, :db {:connection-uri uri-censored}} 
2022-11-26 16:58:41,760 [main] DEBUG migratus.migration.sql - found 1 up migrations 
2022-11-26 16:58:41,769 [main] DEBUG migratus.database - marking 20221126153652 complete 
2022-11-26 16:58:41,771 [main] INFO  migratus.core - Ending migrations 
2022-11-26 17:06:04,671 [main] INFO  migratus.core - Starting migrations 
2022-11-26 17:06:04,704 [main] DEBUG migratus.migrations - Looking for migrations in #object[java.io.File 0x27b34cc9 /home/wa34gt/clj/guestbook-luminus/resources/migrations] 
2022-11-26 17:06:04,709 [main] INFO  migratus.core - Ending migrations 
2022-11-26 17:07:40,745 [main] INFO  migratus.core - Starting migrations 
2022-11-26 17:07:40,757 [main] INFO  migratus.database - creating migration table 'schema_migrations' 
2022-11-26 17:07:40,786 [main] DEBUG migratus.migrations - Looking for migrations in #object[java.io.File 0x4191edd /home/wa34gt/clj/guestbook-luminus/resources/migrations] 
2022-11-26 17:07:40,794 [main] INFO  migratus.core - Running up for [20221126145346 20221126153652] 
2022-11-26 17:07:40,794 [main] INFO  migratus.core - Up 20221126145346-guestbook 
2022-11-26 17:07:40,797 [main] INFO  migratus.database - Connection is  {:connection #object[org.h2.jdbc.JdbcConnection 0x242d4a16 conn1: url=jdbc:h2:./guestbook_test.db user=]} Config is {:store :database, :db {:connection-uri uri-censored}} 
2022-11-26 17:07:40,808 [main] DEBUG migratus.migration.sql - found 1 up migrations 
2022-11-26 17:07:40,813 [main] DEBUG migratus.database - marking 20221126145346 complete 
2022-11-26 17:07:40,821 [main] INFO  migratus.core - Up 20221126153652-add-users-table 
2022-11-26 17:07:40,821 [main] INFO  migratus.database - Connection is  {:connection #object[org.h2.jdbc.JdbcConnection 0x242d4a16 conn1: url=jdbc:h2:./guestbook_test.db user=]} Config is {:store :database, :db {:connection-uri uri-censored}} 
2022-11-26 17:07:40,824 [main] DEBUG migratus.migration.sql - found 1 up migrations 
2022-11-26 17:07:40,827 [main] DEBUG migratus.database - marking 20221126153652 complete 
2022-11-26 17:07:40,830 [main] INFO  migratus.core - Ending migrations 
2022-11-26 17:10:58,829 [main] INFO  migratus.core - Starting migrations 
2022-11-26 17:10:58,860 [main] DEBUG migratus.migrations - Looking for migrations in #object[java.io.File 0x26a6698a /home/wa34gt/clj/guestbook-luminus/resources/migrations] 
2022-11-26 17:10:58,867 [main] INFO  migratus.core - Ending migrations 
2022-11-26 17:11:30,826 [main] INFO  migratus.core - Starting migrations 
2022-11-26 17:11:30,830 [main] DEBUG migratus.migrations - Looking for migrations in #object[java.io.File 0x4be5469e /home/wa34gt/clj/guestbook-luminus/resources/migrations] 
2022-11-26 17:11:30,832 [main] INFO  migratus.core - Ending migrations 
2022-11-26 17:27:00,133 [nREPL-session-1ee568ff-960a-404a-b773-8411f1e588b6] INFO  guestbook.env - 
-=[guestbook started successfully using the development profile]=- 
2022-11-26 17:27:00,334 [nREPL-session-1ee568ff-960a-404a-b773-8411f1e588b6] INFO  luminus.http-server - starting HTTP server on port 3000 
2022-11-26 17:46:07,414 [worker-4] INFO  guestbook.env - 
-=[guestbook has shut down successfully]=- 
2022-11-26 17:46:07,415 [worker-4] INFO  guestbook.env - 
-=[guestbook started successfully using the development profile]=- 
2022-11-26 17:46:58,181 [nREPL-session-1ee568ff-960a-404a-b773-8411f1e588b6] INFO  migratus.core - Starting migrations 
2022-11-26 17:46:58,184 [nREPL-session-1ee568ff-960a-404a-b773-8411f1e588b6] INFO  migratus.database - creating migration table 'schema_migrations' 
2022-11-26 17:46:58,215 [nREPL-session-1ee568ff-960a-404a-b773-8411f1e588b6] DEBUG migratus.migrations - Looking for migrations in #object[java.io.File 0x53a7f82e /home/wa34gt/clj/guestbook-luminus/resources/migrations] 
2022-11-26 17:46:58,217 [nREPL-session-1ee568ff-960a-404a-b773-8411f1e588b6] INFO  migratus.core - Running up for [20221126145346 20221126153652] 
2022-11-26 17:46:58,218 [nREPL-session-1ee568ff-960a-404a-b773-8411f1e588b6] INFO  migratus.core - Up 20221126145346-guestbook 
2022-11-26 17:46:58,219 [nREPL-session-1ee568ff-960a-404a-b773-8411f1e588b6] INFO  migratus.database - Connection is  {:connection #object[org.h2.jdbc.JdbcConnection 0x5840aee0 conn10: url=jdbc:h2:./guestbook_dev.db user=]} Config is {:store :database, :db {:connection-uri uri-censored}} 
2022-11-26 17:46:58,226 [nREPL-session-1ee568ff-960a-404a-b773-8411f1e588b6] DEBUG migratus.migration.sql - found 1 up migrations 
2022-11-26 17:46:58,229 [nREPL-session-1ee568ff-960a-404a-b773-8411f1e588b6] DEBUG migratus.database - marking 20221126145346 complete 
2022-11-26 17:46:58,231 [nREPL-session-1ee568ff-960a-404a-b773-8411f1e588b6] INFO  migratus.core - Up 20221126153652-add-users-table 
2022-11-26 17:46:58,231 [nREPL-session-1ee568ff-960a-404a-b773-8411f1e588b6] INFO  migratus.database - Connection is  {:connection #object[org.h2.jdbc.JdbcConnection 0x5840aee0 conn10: url=jdbc:h2:./guestbook_dev.db user=]} Config is {:store :database, :db {:connection-uri uri-censored}} 
2022-11-26 17:46:58,232 [nREPL-session-1ee568ff-960a-404a-b773-8411f1e588b6] DEBUG migratus.migration.sql - found 1 up migrations 
2022-11-26 17:46:58,233 [nREPL-session-1ee568ff-960a-404a-b773-8411f1e588b6] DEBUG migratus.database - marking 20221126153652 complete 
2022-11-26 17:46:58,234 [nREPL-session-1ee568ff-960a-404a-b773-8411f1e588b6] INFO  migratus.core - Ending migrations 
2022-11-26 17:59:20,289 [nREPL-session-1ee568ff-960a-404a-b773-8411f1e588b6] INFO  luminus.http-server - HTTP server stopped 
2022-11-26 17:59:20,289 [nREPL-session-1ee568ff-960a-404a-b773-8411f1e588b6] INFO  guestbook.env - 
-=[guestbook has shut down successfully]=- 
2022-11-26 17:59:20,311 [nREPL-session-1ee568ff-960a-404a-b773-8411f1e588b6] INFO  guestbook.env - 
-=[guestbook started successfully using the development profile]=- 
2022-11-26 17:59:20,387 [nREPL-session-1ee568ff-960a-404a-b773-8411f1e588b6] INFO  luminus.http-server - starting HTTP server on port 3000 
2022-11-26 18:01:35,750 [nREPL-session-1ee568ff-960a-404a-b773-8411f1e588b6] INFO  luminus.http-server - HTTP server stopped 
2022-11-26 18:01:35,750 [nREPL-session-1ee568ff-960a-404a-b773-8411f1e588b6] INFO  guestbook.env - 
-=[guestbook has shut down successfully]=- 
2022-11-26 18:01:35,796 [nREPL-session-1ee568ff-960a-404a-b773-8411f1e588b6] INFO  guestbook.env - 
-=[guestbook started successfully using the development profile]=- 
2022-11-26 18:01:35,857 [nREPL-session-1ee568ff-960a-404a-b773-8411f1e588b6] INFO  luminus.http-server - starting HTTP server on port 3000 
2022-11-26 18:04:45,544 [nREPL-session-1ee568ff-960a-404a-b773-8411f1e588b6] INFO  luminus.http-server - HTTP server stopped 
2022-11-26 18:04:45,544 [nREPL-session-1ee568ff-960a-404a-b773-8411f1e588b6] INFO  guestbook.env - 
-=[guestbook has shut down successfully]=- 
2022-11-26 18:04:47,612 [nREPL-session-1ee568ff-960a-404a-b773-8411f1e588b6] INFO  guestbook.env - 
-=[guestbook started successfully using the development profile]=- 
2022-11-26 18:04:47,672 [nREPL-session-1ee568ff-960a-404a-b773-8411f1e588b6] INFO  luminus.http-server - starting HTTP server on port 3000 
2022-11-26 18:06:10,581 [HikariPool-4 housekeeper] WARN  com.zaxxer.hikari.pool.HikariPool - HikariPool-4 - Thread starvation or clock leap detected (housekeeper delta=52s859ms87µs400ns). 
