2022-11-28 09:04:16,753 [Thread-2] INFO  guestbook.nrepl - nREPL server stopped 
2022-11-28 09:04:16,758 [Thread-2] INFO  luminus.http-server - HTTP server stopped 
2022-11-28 09:04:16,758 [Thread-2] INFO  guestbook.env - 
-=[guestbook has shut down successfully]=- 
2022-11-28 09:04:16,761 [Thread-2] INFO  guestbook.core - #'guestbook.core/repl-server stopped 
2022-11-28 09:04:16,761 [Thread-2] INFO  guestbook.core - #'guestbook.core/http-server stopped 
2022-11-28 09:04:16,761 [Thread-2] INFO  guestbook.core - #'guestbook.handler/init-app stopped 
2022-11-28 09:04:16,761 [Thread-2] INFO  guestbook.core - #'guestbook.db.core/*db* stopped 
2022-11-28 20:09:35,126 [main] INFO  guestbook.env - 
-=[guestbook started successfully using the development profile]=- 
2022-11-28 20:09:35,422 [main] INFO  luminus.http-server - starting HTTP server on port 3000 
2022-11-28 20:09:35,431 [main] INFO  guestbook.nrepl - starting nREPL server on port 7000 
2022-11-28 20:09:35,442 [main] INFO  guestbook.core - #'guestbook.db.core/*db* started 
2022-11-28 20:09:35,442 [main] INFO  guestbook.core - #'guestbook.handler/init-app started 
2022-11-28 20:09:35,442 [main] INFO  guestbook.core - #'guestbook.handler/app-routes started 
2022-11-28 20:09:35,442 [main] INFO  guestbook.core - #'guestbook.core/http-server started 
2022-11-28 20:09:35,443 [main] INFO  guestbook.core - #'guestbook.core/repl-server started 
2022-11-28 20:33:12,709 [Thread-2] INFO  guestbook.nrepl - nREPL server stopped 
2022-11-28 20:33:12,712 [Thread-2] INFO  luminus.http-server - HTTP server stopped 
2022-11-28 20:33:12,712 [Thread-2] INFO  guestbook.env - 
-=[guestbook has shut down successfully]=- 
2022-11-28 20:33:12,715 [Thread-2] INFO  guestbook.core - #'guestbook.core/repl-server stopped 
2022-11-28 20:33:12,715 [Thread-2] INFO  guestbook.core - #'guestbook.core/http-server stopped 
2022-11-28 20:33:12,715 [Thread-2] INFO  guestbook.core - #'guestbook.handler/init-app stopped 
2022-11-28 20:33:12,715 [Thread-2] INFO  guestbook.core - #'guestbook.db.core/*db* stopped 
