2022-12-25 14:24:14,104 [worker-3] INFO  guestbook.env - 
-=[guestbook has shut down successfully]=- 
2022-12-25 14:24:14,105 [worker-3] INFO  guestbook.env - 
-=[guestbook started successfully using the development profile]=- 
2022-12-25 14:24:42,717 [worker-4] INFO  guestbook.routes.services - delete-message! req [ {:id e69f8e4b-11b0-468a-b778-f385fd21d90c} ] 
2022-12-25 14:24:42,717 [worker-4] INFO  guestbook.routes.services - delete-message! id [ #uuid "e69f8e4b-11b0-468a-b778-f385fd21d90c" ] 
2022-12-25 14:24:47,058 [worker-1] INFO  guestbook.routes.services - delete-message! req [ {:id e69f8e4b-11b0-468a-b778-f385fd21d90c} ] 
2022-12-25 14:24:47,059 [worker-1] INFO  guestbook.routes.services - delete-message! id [ #uuid "e69f8e4b-11b0-468a-b778-f385fd21d90c" ] 
2022-12-25 14:24:47,060 [worker-1] WARN  guestbook.routes.services - Attempt to delete non-existing message with id #uuid "e69f8e4b-11b0-468a-b778-f385fd21d90c" 
2022-12-25 14:27:05,809 [worker-4] INFO  guestbook.env - 
-=[guestbook has shut down successfully]=- 
2022-12-25 14:27:05,809 [worker-4] INFO  guestbook.env - 
-=[guestbook started successfully using the development profile]=- 
2022-12-25 14:27:05,895 [worker-4] INFO  guestbook.routes.services - request [ {:id 1d587c1f-2689-4c56-a205-c5321e821cf2} ] 
2022-12-25 14:27:05,897 [worker-4] INFO  guestbook.messages - saving message {:id #uuid "1d587c1f-2689-4c56-a205-c5321e821cf2", :name Fat Freddys Drop, :message Breathe easy lowev, :timestamp #object[java.time.LocalDateTime 0x645e8643 2022-12-25T14:27:05.895871]} 
2022-12-25 14:27:05,901 [worker-4] WARN  guestbook.routes.services - id nil errors nil errorMessage Unique index or primary key violation: "PUBLIC.PRIMARY_KEY_7 ON PUBLIC.GUESTBOOK(ID) VALUES ( /* 8 */ UUID '1d587c1f-2689-4c56-a205-c5321e821cf2' )"; SQL statement:
INSERT INTO guestbook
(id, name, message, timestamp)
VALUES (?, ?, ?, ?) [23505-214] 
2022-12-25 14:28:00,081 [worker-1] INFO  guestbook.env - 
-=[guestbook has shut down successfully]=- 
2022-12-25 14:28:00,082 [worker-1] INFO  guestbook.env - 
-=[guestbook started successfully using the development profile]=- 
2022-12-25 14:28:00,184 [worker-1] INFO  guestbook.routes.services - update-message! request [ {:id 1d587c1f-2689-4c56-a205-c5321e821cf2} ] 
2022-12-25 14:28:00,187 [worker-1] INFO  guestbook.messages - saving message {:id #uuid "1d587c1f-2689-4c56-a205-c5321e821cf2", :name Fat Freddys Drop, :message Breathe easy lowev, :timestamp #object[java.time.LocalDateTime 0x44348d6b 2022-12-25T14:28:00.185704900]} 
2022-12-25 14:28:00,189 [worker-1] WARN  guestbook.routes.services - id nil errors nil errorMessage Unique index or primary key violation: "PUBLIC.PRIMARY_KEY_7 ON PUBLIC.GUESTBOOK(ID) VALUES ( /* 8 */ UUID '1d587c1f-2689-4c56-a205-c5321e821cf2' )"; SQL statement:
INSERT INTO guestbook
(id, name, message, timestamp)
VALUES (?, ?, ?, ?) [23505-214] 
2022-12-25 14:28:38,821 [worker-2] INFO  guestbook.env - 
-=[guestbook has shut down successfully]=- 
2022-12-25 14:28:38,822 [worker-2] INFO  guestbook.env - 
-=[guestbook started successfully using the development profile]=- 
2022-12-25 14:28:38,929 [worker-2] INFO  guestbook.routes.services - update-message! request [ {:id 1d587c1f-2689-4c56-a205-c5321e821cf2} ] 
2022-12-25 14:28:38,931 [worker-2] INFO  guestbook.messages - update message {:id #uuid "1d587c1f-2689-4c56-a205-c5321e821cf2", :name Fat Freddys Drop, :message Breathe easy lowev, :timestamp #object[java.time.LocalDateTime 0x56ab0cd2 2022-12-25T14:28:38.930262400]} 
2022-12-25 14:46:47,095 [worker-4] INFO  guestbook.env - 
-=[guestbook has shut down successfully]=- 
2022-12-25 14:46:47,095 [worker-4] INFO  guestbook.env - 
-=[guestbook started successfully using the development profile]=- 
2022-12-25 14:46:47,186 [worker-4] INFO  guestbook.routes.services - update-message! request [ {:id 1d587c1f-2689-4c56-a205-c5321e821cf2} ] 
2022-12-25 14:46:47,188 [worker-4] INFO  guestbook.messages - update message {:name a new name, :message some new message yes, :id #uuid "1d587c1f-2689-4c56-a205-c5321e821cf2", :timestamp #object[java.time.LocalDateTime 0x7f986588 2022-12-25T14:46:47.186966800]} 
