2022-12-23 15:49:48,518 [main] INFO  migratus.core - Starting migrations 
2022-12-23 15:49:48,551 [main] DEBUG migratus.migrations - Looking for migrations in #object[java.io.File 0x2a9a36d1 /home/wa34gt/clj/guestbook-luminus/resources/migrations] 
2022-12-23 15:49:48,556 [main] INFO  migratus.core - Ending migrations 
2022-12-23 15:50:32,623 [main] INFO  guestbook.env - 
-=[guestbook started successfully using the development profile]=- 
2022-12-23 15:50:32,950 [main] INFO  luminus.http-server - starting HTTP server on port 3000 
2022-12-23 15:50:32,957 [main] INFO  guestbook.nrepl - starting nREPL server on port 7000 
2022-12-23 15:50:32,968 [main] INFO  guestbook.core - #'guestbook.db.core/*db* started 
2022-12-23 15:50:32,968 [main] INFO  guestbook.core - #'guestbook.handler/init-app started 
2022-12-23 15:50:32,968 [main] INFO  guestbook.core - #'guestbook.handler/app-routes started 
2022-12-23 15:50:32,968 [main] INFO  guestbook.core - #'guestbook.core/http-server started 
2022-12-23 15:50:32,968 [main] INFO  guestbook.core - #'guestbook.core/repl-server started 
2022-12-23 15:56:21,014 [Thread-2] INFO  guestbook.nrepl - nREPL server stopped 
2022-12-23 15:56:21,017 [Thread-2] INFO  luminus.http-server - HTTP server stopped 
2022-12-23 15:56:21,017 [Thread-2] INFO  guestbook.env - 
-=[guestbook has shut down successfully]=- 
2022-12-23 15:56:21,020 [Thread-2] INFO  guestbook.core - #'guestbook.core/repl-server stopped 
2022-12-23 15:56:21,020 [Thread-2] INFO  guestbook.core - #'guestbook.core/http-server stopped 
2022-12-23 15:56:21,020 [Thread-2] INFO  guestbook.core - #'guestbook.handler/init-app stopped 
2022-12-23 15:56:21,020 [Thread-2] INFO  guestbook.core - #'guestbook.db.core/*db* stopped 
2022-12-23 15:56:33,441 [main] INFO  guestbook.env - 
-=[guestbook started successfully using the development profile]=- 
2022-12-23 15:56:33,819 [main] INFO  luminus.http-server - starting HTTP server on port 3000 
2022-12-23 15:56:33,828 [main] INFO  guestbook.nrepl - starting nREPL server on port 7000 
2022-12-23 15:56:33,840 [main] INFO  guestbook.core - #'guestbook.db.core/*db* started 
2022-12-23 15:56:33,841 [main] INFO  guestbook.core - #'guestbook.handler/init-app started 
2022-12-23 15:56:33,841 [main] INFO  guestbook.core - #'guestbook.handler/app-routes started 
2022-12-23 15:56:33,841 [main] INFO  guestbook.core - #'guestbook.core/http-server started 
2022-12-23 15:56:33,841 [main] INFO  guestbook.core - #'guestbook.core/repl-server started 
2022-12-23 16:06:21,843 [Thread-2] INFO  guestbook.nrepl - nREPL server stopped 
2022-12-23 16:06:21,845 [Thread-2] INFO  luminus.http-server - HTTP server stopped 
2022-12-23 16:06:21,846 [Thread-2] INFO  guestbook.env - 
-=[guestbook has shut down successfully]=- 
2022-12-23 16:06:21,848 [Thread-2] INFO  guestbook.core - #'guestbook.core/repl-server stopped 
2022-12-23 16:06:21,849 [Thread-2] INFO  guestbook.core - #'guestbook.core/http-server stopped 
2022-12-23 16:06:21,849 [Thread-2] INFO  guestbook.core - #'guestbook.handler/init-app stopped 
2022-12-23 16:06:21,849 [Thread-2] INFO  guestbook.core - #'guestbook.db.core/*db* stopped 
2022-12-23 16:30:36,854 [nREPL-session-df489ce7-261e-47fd-a5a4-2d97a622329f] INFO  guestbook.env - 
-=[guestbook started successfully using the development profile]=- 
2022-12-23 16:30:37,120 [nREPL-session-df489ce7-261e-47fd-a5a4-2d97a622329f] INFO  luminus.http-server - starting HTTP server on port 3000 
2022-12-23 16:36:01,895 [nREPL-session-df489ce7-261e-47fd-a5a4-2d97a622329f] INFO  luminus.http-server - HTTP server stopped 
2022-12-23 16:36:01,896 [nREPL-session-df489ce7-261e-47fd-a5a4-2d97a622329f] INFO  guestbook.env - 
-=[guestbook has shut down successfully]=- 
2022-12-23 16:36:01,932 [nREPL-session-df489ce7-261e-47fd-a5a4-2d97a622329f] INFO  guestbook.env - 
-=[guestbook started successfully using the development profile]=- 
2022-12-23 16:36:02,039 [nREPL-session-df489ce7-261e-47fd-a5a4-2d97a622329f] INFO  luminus.http-server - starting HTTP server on port 3000 
2022-12-23 16:36:11,842 [nREPL-session-df489ce7-261e-47fd-a5a4-2d97a622329f] INFO  luminus.http-server - HTTP server stopped 
2022-12-23 16:36:11,842 [nREPL-session-df489ce7-261e-47fd-a5a4-2d97a622329f] INFO  guestbook.env - 
-=[guestbook has shut down successfully]=- 
2022-12-23 16:36:11,874 [nREPL-session-df489ce7-261e-47fd-a5a4-2d97a622329f] INFO  guestbook.env - 
-=[guestbook started successfully using the development profile]=- 
2022-12-23 16:36:11,941 [nREPL-session-df489ce7-261e-47fd-a5a4-2d97a622329f] INFO  luminus.http-server - starting HTTP server on port 3000 
2022-12-23 16:39:17,260 [nREPL-session-df489ce7-261e-47fd-a5a4-2d97a622329f] INFO  luminus.http-server - HTTP server stopped 
2022-12-23 16:39:17,261 [nREPL-session-df489ce7-261e-47fd-a5a4-2d97a622329f] INFO  guestbook.env - 
-=[guestbook has shut down successfully]=- 
2022-12-23 16:39:17,290 [nREPL-session-df489ce7-261e-47fd-a5a4-2d97a622329f] INFO  guestbook.env - 
-=[guestbook started successfully using the development profile]=- 
2022-12-23 16:39:17,357 [nREPL-session-df489ce7-261e-47fd-a5a4-2d97a622329f] INFO  luminus.http-server - starting HTTP server on port 3000 
2022-12-23 16:39:51,613 [nREPL-session-df489ce7-261e-47fd-a5a4-2d97a622329f] INFO  luminus.http-server - HTTP server stopped 
2022-12-23 16:39:51,613 [nREPL-session-df489ce7-261e-47fd-a5a4-2d97a622329f] INFO  guestbook.env - 
-=[guestbook has shut down successfully]=- 
2022-12-23 16:39:51,647 [nREPL-session-df489ce7-261e-47fd-a5a4-2d97a622329f] INFO  guestbook.env - 
-=[guestbook started successfully using the development profile]=- 
2022-12-23 16:39:51,722 [nREPL-session-df489ce7-261e-47fd-a5a4-2d97a622329f] INFO  luminus.http-server - starting HTTP server on port 3000 
2022-12-23 16:40:39,189 [nREPL-session-df489ce7-261e-47fd-a5a4-2d97a622329f] INFO  luminus.http-server - HTTP server stopped 
2022-12-23 16:40:39,190 [nREPL-session-df489ce7-261e-47fd-a5a4-2d97a622329f] INFO  guestbook.env - 
-=[guestbook has shut down successfully]=- 
2022-12-23 16:40:39,205 [nREPL-session-df489ce7-261e-47fd-a5a4-2d97a622329f] INFO  guestbook.env - 
-=[guestbook started successfully using the development profile]=- 
2022-12-23 16:40:39,258 [nREPL-session-df489ce7-261e-47fd-a5a4-2d97a622329f] INFO  luminus.http-server - starting HTTP server on port 3000 
2022-12-23 16:42:37,572 [nREPL-session-df489ce7-261e-47fd-a5a4-2d97a622329f] INFO  luminus.http-server - HTTP server stopped 
2022-12-23 16:42:37,572 [nREPL-session-df489ce7-261e-47fd-a5a4-2d97a622329f] INFO  guestbook.env - 
-=[guestbook has shut down successfully]=- 
2022-12-23 16:42:37,597 [nREPL-session-df489ce7-261e-47fd-a5a4-2d97a622329f] INFO  guestbook.env - 
-=[guestbook started successfully using the development profile]=- 
2022-12-23 16:42:37,659 [nREPL-session-df489ce7-261e-47fd-a5a4-2d97a622329f] INFO  luminus.http-server - starting HTTP server on port 3000 
2022-12-23 16:44:28,083 [nREPL-session-df489ce7-261e-47fd-a5a4-2d97a622329f] INFO  luminus.http-server - HTTP server stopped 
2022-12-23 16:44:28,084 [nREPL-session-df489ce7-261e-47fd-a5a4-2d97a622329f] INFO  guestbook.env - 
-=[guestbook has shut down successfully]=- 
2022-12-23 16:44:28,113 [nREPL-session-df489ce7-261e-47fd-a5a4-2d97a622329f] INFO  guestbook.env - 
-=[guestbook started successfully using the development profile]=- 
2022-12-23 16:44:28,165 [nREPL-session-df489ce7-261e-47fd-a5a4-2d97a622329f] INFO  luminus.http-server - starting HTTP server on port 3000 
2022-12-23 16:51:57,885 [nREPL-session-df489ce7-261e-47fd-a5a4-2d97a622329f] INFO  luminus.http-server - HTTP server stopped 
2022-12-23 16:51:57,885 [nREPL-session-df489ce7-261e-47fd-a5a4-2d97a622329f] INFO  guestbook.env - 
-=[guestbook has shut down successfully]=- 
2022-12-23 16:51:57,901 [nREPL-session-df489ce7-261e-47fd-a5a4-2d97a622329f] INFO  guestbook.env - 
-=[guestbook started successfully using the development profile]=- 
2022-12-23 16:51:57,950 [nREPL-session-df489ce7-261e-47fd-a5a4-2d97a622329f] INFO  luminus.http-server - starting HTTP server on port 3000 
2022-12-23 16:53:36,115 [nREPL-session-df489ce7-261e-47fd-a5a4-2d97a622329f] INFO  luminus.http-server - HTTP server stopped 
2022-12-23 16:53:36,116 [nREPL-session-df489ce7-261e-47fd-a5a4-2d97a622329f] INFO  guestbook.env - 
-=[guestbook has shut down successfully]=- 
2022-12-23 16:53:36,149 [nREPL-session-df489ce7-261e-47fd-a5a4-2d97a622329f] INFO  guestbook.env - 
-=[guestbook started successfully using the development profile]=- 
2022-12-23 16:53:36,204 [nREPL-session-df489ce7-261e-47fd-a5a4-2d97a622329f] INFO  luminus.http-server - starting HTTP server on port 3000 
2022-12-23 16:53:46,059 [worker-4] INFO  guestbook.routes.services - request [ {:reitit.core/match #reitit.core.Match{:template /api/messages/:id, :data {:middleware [{:name :reitit.ring.middleware.parameters/parameters, :compile #function[reitit.ring.middleware.parameters/fn--21989], :wrap #function[ring.middleware.params/wrap-params]} {:name :reitit.ring.middleware.muuntaja/format-negotiate, :spec :reitit.ring.middleware.muuntaja/spec, :compile #function[reitit.ring.middleware.muuntaja/fn--21959]} {:name :reitit.ring.middleware.muuntaja/format-response, :spec :reitit.ring.middleware.muuntaja/spec, :compile #function[reitit.ring.middleware.muuntaja/fn--21973]} {:name :reitit.ring.middleware.exception/exception, :spec :reitit.ring.middleware.exception/spec, :wrap #function[reitit.ring.middleware.exception/wrap/fn--21847]} {:name :reitit.ring.middleware.muuntaja/format-request, :spec :reitit.ring.middleware.muuntaja/spec, :compile #function[reitit.ring.middleware.muuntaja/fn--21966]} {:name :reitit.ring.coercion/coerce-response, :spec :reitit.spec/responses, :compile #function[reitit.ring.coercion/fn--21377]} {:name :reitit.ring.coercion/coerce-request, :spec :reitit.spec/parameters, :compile #function[reitit.ring.coercion/fn--21367]} {:name :reitit.ring.middleware.multipart/multipart, :compile #function[reitit.ring.middleware.multipart/compile/fn--21920]}], :muuntaja <<Muuntaja>>, :coercion #Coercion{:name :spec}, :swagger {:id :guestbook.routes.services/api}, :get {:parameters {:path {:id #function[clojure.core/string?--5475]}}, :responses {200 {:body {:id #function[clojure.core/uuid?], :name #function[clojure.core/string?--5475], :message #function[clojure.core/string?--5475], :timestamp #function[clojure.core/inst?]}}}, :handler #function[guestbook.routes.services/one-message/fn--32533]}, :put {:parameters {:path {:id #function[clojure.core/string?--5475]}, :body {:name #function[clojure.core/string?--5475], :message #function[clojure.core/string?--5475]}}, :handler #function[guestbook.routes.services/service-routes/fn--32546], :responses {201 {:body #function[clojure.core/map?--5477]}, 400 {:body #function[clojure.core/map?--5477]}, 500 {:errors #function[clojure.core/map?--5477]}}}, :delete {:parameters {:path {:id #function[clojure.core/string?--5475]}}, :handler #function[guestbook.routes.services/service-routes/fn--32548], :responses {201 {:body #function[clojure.core/map?--5477]}, 400 {:body #function[clojure.core/map?--5477]}, 500 {:errors #function[clojure.core/map?--5477]}}}}, :result #reitit.ring.Methods{:get #reitit.ring.Endpoint{:data {:middleware [{:name :reitit.ring.middleware.parameters/parameters, :compile #function[reitit.ring.middleware.parameters/fn--21989], :wrap #function[ring.middleware.params/wrap-params]} {:name :reitit.ring.middleware.muuntaja/format-negotiate, :spec :reitit.ring.middleware.muuntaja/spec, :compile #function[reitit.ring.middleware.muuntaja/fn--21959]} {:name :reitit.ring.middleware.muuntaja/format-response, :spec :reitit.ring.middleware.muuntaja/spec, :compile #function[reitit.ring.middleware.muuntaja/fn--21973]} {:name :reitit.ring.middleware.exception/exception, :spec :reitit.ring.middleware.exception/spec, :wrap #function[reitit.ring.middleware.exception/wrap/fn--21847]} {:name :reitit.ring.middleware.muuntaja/format-request, :spec :reitit.ring.middleware.muuntaja/spec, :compile #function[reitit.ring.middleware.muuntaja/fn--21966]} {:name :reitit.ring.coercion/coerce-response, :spec :reitit.spec/responses, :compile #function[reitit.ring.coercion/fn--21377]} {:name :reitit.ring.coercion/coerce-request, :spec :reitit.spec/parameters, :compile #function[reitit.ring.coercion/fn--21367]} {:name :reitit.ring.middleware.multipart/multipart, :compile #function[reitit.ring.middleware.multipart/compile/fn--21920]}], :muuntaja <<Muuntaja>>, :coercion #Coercion{:name :spec}, :swagger {:id :guestbook.routes.services/api}, :parameters {:path {:id #function[clojure.core/string?--5475]}}, :responses {200 {:body {:id #function[clojure.core/uuid?], :name #function[clojure.core/string?--5475], :message #function[clojure.core/string?--5475], :timestamp #function[clojure.core/inst?]}}}, :handler #function[guestbook.routes.services/one-message/fn--32533]}, :handler #function[ring.middleware.params/wrap-params/fn--10112], :path /api/messages/:id, :method :get, :middleware [#reitit.middleware.Middleware{:name :reitit.ring.middleware.parameters/parameters, :wrap #function[ring.middleware.params/wrap-params], :spec nil} #reitit.middleware.Middleware{:name :reitit.ring.middleware.muuntaja/format-negotiate, :wrap #function[reitit.ring.middleware.muuntaja/fn--21959/fn--21961], :spec :reitit.ring.middleware.muuntaja/spec} #reitit.middleware.Middleware{:name :reitit.ring.middleware.muuntaja/format-response, :wrap #function[reitit.ring.middleware.muuntaja/fn--21973/fn--21975], :spec :reitit.ring.middleware.muuntaja/spec, :data {:swagger {:produces #{application/json application/transit+msgpack application/transit+json application/edn}}}} #reitit.middleware.Middleware{:name :reitit.ring.middleware.exception/exception, :wrap #function[reitit.ring.middleware.exception/wrap/fn--21847], :spec :reitit.ring.middleware.exception/spec} #reitit.middleware.Middleware{:name :reitit.ring.middleware.muuntaja/format-request, :wrap #function[reitit.ring.middleware.muuntaja/fn--21966/fn--21968], :spec :reitit.ring.middleware.muuntaja/spec, :data {:swagger {:consumes #{application/json application/transit+msgpack application/transit+json application/edn}}}} #reitit.middleware.Middleware{:name :reitit.ring.coercion/coerce-response, :wrap #function[reitit.ring.coercion/fn--21377/fn--21379], :spec :reitit.spec/responses} #reitit.middleware.Middleware{:name :reitit.ring.coercion/coerce-request, :wrap #function[reitit.ring.coercion/fn--21367/fn--21369], :spec :reitit.spec/parameters}]}, :head nil, :post nil, :put #reitit.ring.Endpoint{:data {:middleware [{:name :reitit.ring.middleware.parameters/parameters, :compile #function[reitit.ring.middleware.parameters/fn--21989], :wrap #function[ring.middleware.params/wrap-params]} {:name :reitit.ring.middleware.muuntaja/format-negotiate, :spec :reitit.ring.middleware.muuntaja/spec, :compile #function[reitit.ring.middleware.muuntaja/fn--21959]} {:name :reitit.ring.middleware.muuntaja/format-response, :spec :reitit.ring.middleware.muuntaja/spec, :compile #function[reitit.ring.middleware.muuntaja/fn--21973]} {:name :reitit.ring.middleware.exception/exception, :spec :reitit.ring.middleware.exception/spec, :wrap #function[reitit.ring.middleware.exception/wrap/fn--21847]} {:name :reitit.ring.middleware.muuntaja/format-request, :spec :reitit.ring.middleware.muuntaja/spec, :compile #function[reitit.ring.middleware.muuntaja/fn--21966]} {:name :reitit.ring.coercion/coerce-response, :spec :reitit.spec/responses, :compile #function[reitit.ring.coercion/fn--21377]} {:name :reitit.ring.coercion/coerce-request, :spec :reitit.spec/parameters, :compile #function[reitit.ring.coercion/fn--21367]} {:name :reitit.ring.middleware.multipart/multipart, :compile #function[reitit.ring.middleware.multipart/compile/fn--21920]}], :muuntaja <<Muuntaja>>, :coercion #Coercion{:name :spec}, :swagger {:id :guestbook.routes.services/api}, :parameters {:path {:id #function[clojure.core/string?--5475]}, :body {:name #function[clojure.core/string?--5475], :message #function[clojure.core/string?--5475]}}, :handler #function[guestbook.routes.services/service-routes/fn--32546], :responses {201 {:body #function[clojure.core/map?--5477]}, 400 {:body #function[clojure.core/map?--5477]}, 500 {:errors #function[clojure.core/map?--5477]}}}, :handler #function[ring.middleware.params/wrap-params/fn--10112], :path /api/messages/:id, :method :put, :middleware [#reitit.middleware.Middleware{:name :reitit.ring.middleware.parameters/parameters, :wrap #function[ring.middleware.params/wrap-params], :spec nil} #reitit.middleware.Middleware{:name :reitit.ring.middleware.muuntaja/format-negotiate, :wrap #function[reitit.ring.middleware.muuntaja/fn--21959/fn--21961], :spec :reitit.ring.middleware.muuntaja/spec} #reitit.middleware.Middleware{:name :reitit.ring.middleware.muuntaja/format-response, :wrap #function[reitit.ring.middleware.muuntaja/fn--21973/fn--21975], :spec :reitit.ring.middleware.muuntaja/spec, :data {:swagger {:produces #{application/json application/transit+msgpack application/transit+json application/edn}}}} #reitit.middleware.Middleware{:name :reitit.ring.middleware.exception/exception, :wrap #function[reitit.ring.middleware.exception/wrap/fn--21847], :spec :reitit.ring.middleware.exception/spec} #reitit.middleware.Middleware{:name :reitit.ring.middleware.muuntaja/format-request, :wrap #function[reitit.ring.middleware.muuntaja/fn--21966/fn--21968], :spec :reitit.ring.middleware.muuntaja/spec, :data {:swagger {:consumes #{application/json application/transit+msgpack application/transit+json application/edn}}}} #reitit.middleware.Middleware{:name :reitit.ring.coercion/coerce-response, :wrap #function[reitit.ring.coercion/fn--21377/fn--21379], :spec :reitit.spec/responses} #reitit.middleware.Middleware{:name :reitit.ring.coercion/coerce-request, :wrap #function[reitit.ring.coercion/fn--21367/fn--21369], :spec :reitit.spec/parameters}]}, :delete #reitit.ring.Endpoint{:data {:middleware [{:name :reitit.ring.middleware.parameters/parameters, :compile #function[reitit.ring.middleware.parameters/fn--21989], :wrap #function[ring.middleware.params/wrap-params]} {:name :reitit.ring.middleware.muuntaja/format-negotiate, :spec :reitit.ring.middleware.muuntaja/spec, :compile #function[reitit.ring.middleware.muuntaja/fn--21959]} {:name :reitit.ring.middleware.muuntaja/format-response, :spec :reitit.ring.middleware.muuntaja/spec, :compile #function[reitit.ring.middleware.muuntaja/fn--21973]} {:name :reitit.ring.middleware.exception/exception, :spec :reitit.ring.middleware.exception/spec, :wrap #function[reitit.ring.middleware.exception/wrap/fn--21847]} {:name :reitit.ring.middleware.muuntaja/format-request, :spec :reitit.ring.middleware.muuntaja/spec, :compile #function[reitit.ring.middleware.muuntaja/fn--21966]} {:name :reitit.ring.coercion/coerce-response, :spec :reitit.spec/responses, :compile #function[reitit.ring.coercion/fn--21377]} {:name :reitit.ring.coercion/coerce-request, :spec :reitit.spec/parameters, :compile #function[reitit.ring.coercion/fn--21367]} {:name :reitit.ring.middleware.multipart/multipart, :compile #function[reitit.ring.middleware.multipart/compile/fn--21920]}], :muuntaja <<Muuntaja>>, :coercion #Coercion{:name :spec}, :swagger {:id :guestbook.routes.services/api}, :parameters {:path {:id #function[clojure.core/string?--5475]}}, :handler #function[guestbook.routes.services/service-routes/fn--32548], :responses {201 {:body #function[clojure.core/map?--5477]}, 400 {:body #function[clojure.core/map?--5477]}, 500 {:errors #function[clojure.core/map?--5477]}}}, :handler #function[ring.middleware.params/wrap-params/fn--10112], :path /api/messages/:id, :method :delete, :middleware [#reitit.middleware.Middleware{:name :reitit.ring.middleware.parameters/parameters, :wrap #function[ring.middleware.params/wrap-params], :spec nil} #reitit.middleware.Middleware{:name :reitit.ring.middleware.muuntaja/format-negotiate, :wrap #function[reitit.ring.middleware.muuntaja/fn--21959/fn--21961], :spec :reitit.ring.middleware.muuntaja/spec} #reitit.middleware.Middleware{:name :reitit.ring.middleware.muuntaja/format-response, :wrap #function[reitit.ring.middleware.muuntaja/fn--21973/fn--21975], :spec :reitit.ring.middleware.muuntaja/spec, :data {:swagger {:produces #{application/json application/transit+msgpack application/transit+json application/edn}}}} #reitit.middleware.Middleware{:name :reitit.ring.middleware.exception/exception, :wrap #function[reitit.ring.middleware.exception/wrap/fn--21847], :spec :reitit.ring.middleware.exception/spec} #reitit.middleware.Middleware{:name :reitit.ring.middleware.muuntaja/format-request, :wrap #function[reitit.ring.middleware.muuntaja/fn--21966/fn--21968], :spec :reitit.ring.middleware.muuntaja/spec, :data {:swagger {:consumes #{application/json application/transit+msgpack application/transit+json application/edn}}}} #reitit.middleware.Middleware{:name :reitit.ring.coercion/coerce-response, :wrap #function[reitit.ring.coercion/fn--21377/fn--21379], :spec :reitit.spec/responses} #reitit.middleware.Middleware{:name :reitit.ring.coercion/coerce-request, :wrap #function[reitit.ring.coercion/fn--21367/fn--21369], :spec :reitit.spec/parameters}]}, :connect nil, :options #reitit.ring.Endpoint{:data {:middleware [{:name :reitit.ring.middleware.parameters/parameters, :compile #function[reitit.ring.middleware.parameters/fn--21989], :wrap #function[ring.middleware.params/wrap-params]} {:name :reitit.ring.middleware.muuntaja/format-negotiate, :spec :reitit.ring.middleware.muuntaja/spec, :compile #function[reitit.ring.middleware.muuntaja/fn--21959]} {:name :reitit.ring.middleware.muuntaja/format-response, :spec :reitit.ring.middleware.muuntaja/spec, :compile #function[reitit.ring.middleware.muuntaja/fn--21973]} {:name :reitit.ring.middleware.exception/exception, :spec :reitit.ring.middleware.exception/spec, :wrap #function[reitit.ring.middleware.exception/wrap/fn--21847]} {:name :reitit.ring.middleware.muuntaja/format-request, :spec :reitit.ring.middleware.muuntaja/spec, :compile #function[reitit.ring.middleware.muuntaja/fn--21966]} {:name :reitit.ring.coercion/coerce-response, :spec :reitit.spec/responses, :compile #function[reitit.ring.coercion/fn--21377]} {:name :reitit.ring.coercion/coerce-request, :spec :reitit.spec/parameters, :compile #function[reitit.ring.coercion/fn--21367]} {:name :reitit.ring.middleware.multipart/multipart, :compile #function[reitit.ring.middleware.multipart/compile/fn--21920]}], :muuntaja <<Muuntaja>>, :coercion #Coercion{:name :spec}, :swagger {:id :guestbook.routes.services/api}, :no-doc true, :handler #function[reitit.ring/fn--21718/fn--21727]}, :handler #function[ring.middleware.params/wrap-params/fn--10112], :path /api/messages/:id, :method :options, :middleware [#reitit.middleware.Middleware{:name :reitit.ring.middleware.parameters/parameters, :wrap #function[ring.middleware.params/wrap-params], :spec nil} #reitit.middleware.Middleware{:name :reitit.ring.middleware.muuntaja/format-negotiate, :wrap #function[reitit.ring.middleware.muuntaja/fn--21959/fn--21961], :spec :reitit.ring.middleware.muuntaja/spec} #reitit.middleware.Middleware{:name :reitit.ring.middleware.muuntaja/format-response, :wrap #function[reitit.ring.middleware.muuntaja/fn--21973/fn--21975], :spec :reitit.ring.middleware.muuntaja/spec, :data {:swagger {:produces #{application/json application/transit+msgpack application/transit+json application/edn}}}} #reitit.middleware.Middleware{:name :reitit.ring.middleware.exception/exception, :wrap #function[reitit.ring.middleware.exception/wrap/fn--21847], :spec :reitit.ring.middleware.exception/spec} #reitit.middleware.Middleware{:name :reitit.ring.middleware.muuntaja/format-request, :wrap #function[reitit.ring.middleware.muuntaja/fn--21966/fn--21968], :spec :reitit.ring.middleware.muuntaja/spec, :data {:swagger {:consumes #{application/json application/transit+msgpack application/transit+json application/edn}}}} #reitit.middleware.Middleware{:name :reitit.ring.coercion/coerce-response, :wrap nil, :spec :reitit.spec/responses} #reitit.middleware.Middleware{:name :reitit.ring.coercion/coerce-request, :wrap nil, :spec :reitit.spec/parameters}]}, :trace nil, :patch nil}, :path-params {:id 0ae2a4e9-4deb-4b25-90f1-052a36175593}, :path /api/messages/0ae2a4e9-4deb-4b25-90f1-052a36175593}, :reitit.core/router #object[reitit.core$mixed_router$reify__21206 0x56915d08 reitit.core$mixed_router$reify__21206@56915d08], :cookies {ring-session {:value 7d158fda-d36d-44d9-bc2a-cd58e566ffde}}, :remote-addr 127.0.0.1, :params {}, :flash nil, :headers {sec-fetch-site same-origin, host localhost:3000, user-agent Mozilla/5.0 (X11; Ubuntu; Linux x86_64; rv:108.0) Gecko/20100101 Firefox/108.0, cookie ring-session=7d158fda-d36d-44d9-bc2a-cd58e566ffde, referer http://localhost:3000/api/swagger-ui/index.html, connection keep-alive, accept application/json, accept-language en-US,en;q=0.5, sec-fetch-dest empty, accept-encoding gzip, deflate, br, sec-fetch-mode cors}, :async-channel #object[org.httpkit.server.AsyncChannel 0x7e14d0a /127.0.0.1:3000<->/127.0.0.1:34762], :server-port 3000, :muuntaja/request nil, :content-length 0, :form-params {}, :websocket? false, :session/key nil, :query-params {}, :content-type nil, :character-encoding utf8, :uri /api/messages/0ae2a4e9-4deb-4b25-90f1-052a36175593, :server-name localhost, :query-string nil, :path-params {:id 0ae2a4e9-4deb-4b25-90f1-052a36175593}, :muuntaja/response #FormatAndCharset{:format application/json, :charset utf-8, :raw-format application/json}, :body nil, :parameters {:path {:id 0ae2a4e9-4deb-4b25-90f1-052a36175593}}, :multipart-params {}, :scheme :http, :request-method :get, :session {}} ] 
2022-12-23 16:54:26,635 [nREPL-session-df489ce7-261e-47fd-a5a4-2d97a622329f] INFO  luminus.http-server - HTTP server stopped 
2022-12-23 16:54:26,636 [nREPL-session-df489ce7-261e-47fd-a5a4-2d97a622329f] INFO  guestbook.env - 
-=[guestbook has shut down successfully]=- 
2022-12-23 16:54:26,658 [nREPL-session-df489ce7-261e-47fd-a5a4-2d97a622329f] INFO  guestbook.env - 
-=[guestbook started successfully using the development profile]=- 
2022-12-23 16:54:26,709 [nREPL-session-df489ce7-261e-47fd-a5a4-2d97a622329f] INFO  luminus.http-server - starting HTTP server on port 3000 
2022-12-23 16:54:39,345 [worker-4] INFO  guestbook.routes.services - request [ {:id 0ae2a4e9-4deb-4b25-90f1-052a36175593} ] 
2022-12-23 16:54:56,337 [worker-1] INFO  guestbook.routes.services - request [ {:id 0ae2a4e9-4deb-4b25-90f1-052a361593} ] 
2022-12-23 16:56:08,989 [worker-2] INFO  guestbook.env - 
-=[guestbook has shut down successfully]=- 
2022-12-23 16:56:08,991 [worker-2] INFO  guestbook.env - 
-=[guestbook started successfully using the development profile]=- 
2022-12-23 16:56:16,199 [worker-1] INFO  guestbook.routes.services - request [ {:id 0ae2a4e9-4deb-4b25-90f1-052a36175593} ] 
2022-12-23 16:56:22,463 [worker-2] INFO  guestbook.routes.services - request [ {:id 0ae2a4e9-4deb-4b25-90f1-052a36593} ] 
2022-12-23 16:58:18,246 [worker-3] INFO  guestbook.env - 
-=[guestbook has shut down successfully]=- 
2022-12-23 16:58:18,246 [worker-3] INFO  guestbook.env - 
-=[guestbook started successfully using the development profile]=- 
2022-12-23 16:58:25,026 [worker-2] INFO  guestbook.routes.services - request [ {:id 0ae2a4e9-4deb-4b25-90f1-052a36175593} ] 
2022-12-23 16:58:32,825 [worker-3] INFO  guestbook.routes.services - request [ {:id 0ae2a4e9-4deb-4b25-90f1-052a375593} ] 
2022-12-23 17:00:34,540 [worker-4] INFO  guestbook.env - 
-=[guestbook has shut down successfully]=- 
2022-12-23 17:00:34,541 [worker-4] INFO  guestbook.env - 
-=[guestbook started successfully using the development profile]=- 
2022-12-23 17:00:41,058 [worker-3] INFO  guestbook.routes.services - request [ {:id 0ae2a4e9-4deb-4b25-90f1-052a36175593} ] 
2022-12-23 17:00:46,583 [worker-4] INFO  guestbook.routes.services - request [ {:id 0ae2a4e9-4deb-4b25-90f1-052a375593} ] 
2022-12-23 17:01:08,037 [worker-1] INFO  guestbook.routes.services - request [ {:id 0ae2a4e9-4deb-4b25-90f1-052a375593} ] 
2022-12-23 17:02:06,048 [worker-2] INFO  guestbook.env - 
-=[guestbook has shut down successfully]=- 
2022-12-23 17:02:06,049 [worker-2] INFO  guestbook.env - 
-=[guestbook started successfully using the development profile]=- 
2022-12-23 17:02:09,803 [worker-1] INFO  guestbook.routes.services - request [ {:id 0ae2a4e9-4deb-4b25-90f1-052a36175593} ] 
2022-12-23 17:02:09,803 [worker-1] INFO  guestbook.routes.services - id:  #uuid "0ae2a4e9-4deb-4b25-90f1-052a36175593" 
2022-12-23 17:02:37,487 [worker-2] INFO  guestbook.env - 
-=[guestbook has shut down successfully]=- 
2022-12-23 17:02:37,488 [worker-2] INFO  guestbook.env - 
-=[guestbook started successfully using the development profile]=- 
2022-12-23 17:02:40,757 [worker-1] INFO  guestbook.routes.services - request [ {:id 0ae2a4e9-4deb-4b25-90f1-052a36175593} ] 
2022-12-23 17:02:40,757 [worker-1] INFO  guestbook.routes.services - id:  #uuid "0ae2a4e9-4deb-4b25-90f1-052a36175593" 
2022-12-23 17:09:21,604 [worker-3] INFO  guestbook.env - 
-=[guestbook has shut down successfully]=- 
2022-12-23 17:09:21,605 [worker-3] INFO  guestbook.env - 
-=[guestbook started successfully using the development profile]=- 
2022-12-23 17:09:39,704 [worker-3] INFO  guestbook.routes.services - request [ {:id 0ae2a4e9-4deb-4b25-90f1-052a36175593} ] 
2022-12-23 17:09:39,704 [worker-3] INFO  guestbook.routes.services - id:  #uuid "0ae2a4e9-4deb-4b25-90f1-052a36175593" 
2022-12-23 17:11:29,734 [worker-4] INFO  guestbook.env - 
-=[guestbook has shut down successfully]=- 
2022-12-23 17:11:29,734 [worker-4] INFO  guestbook.env - 
-=[guestbook started successfully using the development profile]=- 
2022-12-23 17:11:36,619 [worker-3] INFO  guestbook.routes.services - request [ {:id 0ae2a4e9-4deb-4b25-90f1-052a36175593} ] 
2022-12-23 17:11:36,620 [worker-3] INFO  guestbook.routes.services - id:  #uuid "0ae2a4e9-4deb-4b25-90f1-052a36175593" 
2022-12-23 17:13:03,561 [worker-4] INFO  guestbook.routes.services - params:  {:name Bastan, :message This must be my only computer} 
2022-12-23 17:13:03,562 [worker-4] INFO  guestbook.messages - saving message {:name Bastan, :message This must be my only computer, :id #uuid "d0c0f1f2-9414-47b3-99f6-1b5592f684ff", :timestamp #object[java.time.LocalDateTime 0x37bfc4f6 2022-12-23T17:13:03.561653600]} 
