2022-12-09 15:12:12,174 [main] INFO  guestbook.env - 
-=[guestbook started successfully using the development profile]=- 
2022-12-09 15:12:12,528 [main] INFO  luminus.http-server - starting HTTP server on port 3000 
2022-12-09 15:12:12,539 [main] INFO  guestbook.nrepl - starting nREPL server on port 7000 
2022-12-09 15:12:12,553 [main] INFO  guestbook.core - #'guestbook.db.core/*db* started 
2022-12-09 15:12:12,553 [main] INFO  guestbook.core - #'guestbook.handler/init-app started 
2022-12-09 15:12:12,554 [main] INFO  guestbook.core - #'guestbook.handler/app-routes started 
2022-12-09 15:12:12,554 [main] INFO  guestbook.core - #'guestbook.core/http-server started 
2022-12-09 15:12:12,554 [main] INFO  guestbook.core - #'guestbook.core/repl-server started 
2022-12-09 15:19:53,161 [Thread-2] INFO  guestbook.nrepl - nREPL server stopped 
2022-12-09 15:19:53,168 [Thread-2] INFO  luminus.http-server - HTTP server stopped 
2022-12-09 15:19:53,169 [Thread-2] INFO  guestbook.env - 
-=[guestbook has shut down successfully]=- 
2022-12-09 15:19:53,175 [Thread-2] INFO  guestbook.core - #'guestbook.core/repl-server stopped 
2022-12-09 15:19:53,176 [Thread-2] INFO  guestbook.core - #'guestbook.core/http-server stopped 
2022-12-09 15:19:53,176 [Thread-2] INFO  guestbook.core - #'guestbook.handler/init-app stopped 
2022-12-09 15:19:53,176 [Thread-2] INFO  guestbook.core - #'guestbook.db.core/*db* stopped 
2022-12-09 15:20:06,862 [main] INFO  migratus.core - Starting migrations 
2022-12-09 15:20:06,907 [main] DEBUG migratus.migrations - Looking for migrations in #object[java.io.File 0x2ad35c9f /home/wa34gt/clj/guestbook-luminus/resources/migrations] 
2022-12-09 15:20:06,916 [main] INFO  migratus.core - Ending migrations 
